"../../../Engine/Content/ArtTools/RenderToTexture/Enums/RenderToTexture_Enum.uasset" 0
"../../../Engine/Content/ArtTools/RenderToTexture/Enums/RenderToTexture_Flipbook_Enum.uasset" 1
"../../../Engine/Content/ArtTools/RenderToTexture/Enums/RenderToTexture_Imposter_Enum.uasset" 2
"../../../Engine/Content/EditorBlueprintResources/StandardMacros.uasset" 3
"../../../Engine/Content/ArtTools/RenderToTexture/Enums/EIntTypes.uasset" 4
"../../../Engine/Content/ArtTools/RenderToTexture/Macros/RenderToTextureFunctionLibrary.uasset" 5
"../../../Engine/Content/ArtTools/RenderToTexture/Enums/EFloatTypes.uasset" 6
"../../../Engine/Content/ArtTools/RenderToTexture/Macros/RenderToTextureMacros.uasset" 7
"../../../Engine/Content/Functions/Engine_MaterialFunctions01/Opacity/CameraDepthFade.uasset" 8
"../../../Engine/Content/EngineMaterials/T_Default_Material_Grid_M.uasset" 9
"../../../Engine/Content/EngineMaterials/T_Default_Material_Grid_N.uasset" 10
"../../../Engine/Content/EngineMaterials/WorldGridMaterial.uasset" 11
"../../../Engine/Content/ArtTools/RenderToTexture/Meshes/S_1_Unit_Plane.uasset" 12
"../../../Engine/Content/EngineMaterials/DefaultMaterial.uasset" 13
"../../../Engine/Content/BasicShapes/Cone.uasset" 14
"../../../Engine/Content/BasicShapes/Cube.uasset" 15
"../../../Engine/Content/BasicShapes/Cylinder.uasset" 16
"../../../Engine/Content/BasicShapes/Plane.uasset" 17
"../../../Engine/Content/BasicShapes/Sphere.uasset" 18
"../../../Engine/Content/EngineMaterials/DefaultPhysicalMaterial.uasset" 19
"../../../Engine/Content/BufferVisualization/AmbientOcclusion.uasset" 20
"../../../Engine/Content/BufferVisualization/BaseColor.uasset" 21
"../../../Engine/Content/BufferVisualization/CustomDepth.uasset" 22
"../../../Engine/Content/Functions/Engine_MaterialFunctions02/Utility/VectorLength.uasset" 23
"../../../Engine/Content/BufferVisualization/CustomDepthWorldUnits.uasset" 24
"../../../Engine/Content/Functions/Engine_MaterialFunctions02/Utility/BreakOutFloat2Components.uasset" 25
"../../../Engine/Content/Functions/Engine_MaterialFunctions01/Texturing/ScaleUVsByCenter.uasset" 26
"../../../Engine/Content/Functions/Engine_MaterialFunctions02/ScreenResolution.uasset" 27
"../../../Engine/Content/Functions/Engine_MaterialFunctions02/Texturing/ScreenAlignedUVs.uasset" 28
"../../../Engine/Content/Functions/Engine_MaterialFunctions02/Utility/MakeFloat2.uasset" 29
"../../../Engine/Content/Functions/Engine_MaterialFunctions02/Utility/MakeFloat3.uasset" 30
"../../../Engine/Content/EngineMaterials/MiniFont.uasset" 31
"../../../Engine/Content/BufferVisualization/CustomStencil.uasset" 32
"../../../Engine/Content/BufferVisualization/FinalImage.uasset" 33
"../../../Engine/Content/BufferVisualization/LightingModel.uasset" 34
"../../../Engine/Content/BufferVisualization/MaterialAO.uasset" 35
"../../../Engine/Content/BufferVisualization/Metallic.uasset" 36
"../../../Engine/Content/BufferVisualization/Opacity.uasset" 37
"../../../Engine/Content/BufferVisualization/PostTonemapHDRColor.uasset" 38
"../../../Engine/Content/BufferVisualization/PreTonemapHDRColor.uasset" 39
"../../../Engine/Content/BufferVisualization/Roughness.uasset" 40
"../../../Engine/Content/BufferVisualization/SceneColor.uasset" 41
"../../../Engine/Content/BufferVisualization/SceneDepth.uasset" 42
"../../../Engine/Content/BufferVisualization/SceneDepthWorldUnits.uasset" 43
"../../../Engine/Content/BufferVisualization/SeparateTranslucencyA.uasset" 44
"../../../Engine/Content/BufferVisualization/SeparateTranslucencyRGB.uasset" 45
"../../../Engine/Content/BufferVisualization/Specular.uasset" 46
"../../../Engine/Content/BufferVisualization/SubsurfaceColor.uasset" 47
"../../../Engine/Content/BufferVisualization/WorldNormal.uasset" 48
"../../../Engine/Content/EditorLandscapeResources/DataLayer.uasset" 49
"../../../Engine/Content/EditorLandscapeResources/DefaultAlphaTexture.uasset" 50
"../../../Engine/Content/EditorLandscapeResources/LandscapeGizmoHeight_Mat.uasset" 51
"../../../Engine/Content/EditorLandscapeResources/LandscapeGizmo_Mat.uasset" 52
"../../../Engine/Content/EditorLandscapeResources/LandscapeGizmo_Mat_Copied.uasset" 53
"../../../Engine/Content/EditorLandscapeResources/SplineEditorMeshMat.uasset" 54
"../../../Engine/Content/EditorLandscapeResources/SplineEditorMesh.uasset" 55
"../../../Engine/Content/EditorMaterials/Cross.uasset" 56
"../../../Engine/Content/EditorMaterials/Cross_Mat.uasset" 57
"../../../Engine/Content/EditorMaterials/GizmoMaterial.uasset" 58
"../../../Engine/Content/Functions/Engine_MaterialFunctions02/Utility/Sign.uasset" 59
"../../../Engine/Content/Functions/Engine_MaterialFunctions02/Utility/Round.uasset" 60
"../../../Engine/Content/Functions/Engine_MaterialFunctions02/ExampleContent/Textures/flipbook.uasset" 61
"../../../Engine/Content/Functions/Engine_MaterialFunctions02/Texturing/FlipBook.uasset" 62
"../../../Engine/Content/EditorResources/T_EditorHelp.uasset" 63
"../../../Engine/Content/EditorMaterials/HelpActorMaterial.uasset" 64
"../../../Engine/Content/EditorMaterials/CompositeARGBLayer.uasset" 65
"../../../Engine/Content/EditorMaterials/TilingAALineIntegral.uasset" 66
"../../../Engine/Content/EditorMaterials/TilingAALineBoxFiltered.uasset" 67
"../../../Engine/Content/Functions/Engine_MaterialFunctions03/Procedurals/ComputeFilterWidth.uasset" 68
"../../../Engine/Content/EditorMaterials/TilingAADots.uasset" 69
"../../../Engine/Content/EditorMaterials/Cascade/CASC_Cross.uasset" 70
"../../../Engine/Content/EditorMaterials/Cascade/CASC_None.uasset" 71
"../../../Engine/Content/Functions/Engine_MaterialFunctions03/Blends/Blend_Screen.uasset" 72
"../../../Engine/Content/EditorMaterials/TilingAAGrid.uasset" 73
"../../../Engine/Content/EditorMaterials/LevelGridMaterial.uasset" 74
"../../../Engine/Content/EditorMaterials/MakeCompositeARGBLayer.uasset" 75
"../../../Engine/Content/EditorResources/LevelGrid1DStripes.uasset" 76
"../../../Engine/Content/EditorMaterials/TextureGridCascaded1D.uasset" 77
"../../../Engine/Content/EditorMaterials/TextureGridCascaded2D.uasset" 78
"../../../Engine/Content/EditorMaterials/LevelGridMaterial2.uasset" 79
"../../../Engine/Content/EditorMaterials/MAT_Groups_Toggle.uasset" 80
"../../../Engine/Content/EditorMaterials/MAT_Groups_Visibility.uasset" 81
"../../../Engine/Content/EditorMaterials/AntialiasedGridFloor.uasset" 82
"../../../Engine/Content/EditorResources/TilePatine_D.uasset" 83
"../../../Engine/Content/EditorResources/TilePatine_N.uasset" 84
"../../../Engine/Content/EngineMaterials/Grid.uasset" 85
"../../../Engine/Content/EditorMaterials/PersonaFloorMat.uasset" 86
"../../../Engine/Content/EditorMaterials/PhAT_BoneSelectedMaterial.uasset" 87
"../../../Engine/Content/EditorMaterials/PhAT_ElemSelectedMaterial.uasset" 88
"../../../Engine/Content/EditorMaterials/PhAT_NoCollisionMaterial.uasset" 89
"../../../Engine/Content/EditorMaterials/PhAT_UnselectedMaterial.uasset" 90
"../../../Engine/Content/EditorMaterials/PreviewShadowIndicator.uasset" 91
"../../../Engine/Content/EditorMaterials/PreviewShadowIndicatorMaterial.uasset" 92
"../../../Engine/Content/EditorMaterials/TargetIcon.uasset" 93
"../../../Engine/Content/EditorMaterials/Tick.uasset" 94
"../../../Engine/Content/EditorMaterials/Tick_Mat.uasset" 95
"../../../Engine/Content/EditorMaterials/WidgetGridVertexColorMaterial.uasset" 96
"../../../Engine/Content/EditorMaterials/WidgetGridVertexColorMaterial_Ma.uasset" 97
"../../../Engine/Content/EditorMaterials/WidgetMaterial.uasset" 98
"../../../Engine/Content/EditorMaterials/WidgetMaterial_Current.uasset" 99
"../../../Engine/Content/EditorMaterials/WidgetMaterial_X.uasset" 100
"../../../Engine/Content/EditorMaterials/WidgetMaterial_Y.uasset" 101
"../../../Engine/Content/EditorMaterials/WidgetMaterial_Z.uasset" 102
"../../../Engine/Content/EditorMaterials/WidgetVertexColorMaterial.uasset" 103
"../../../Engine/Content/EditorMaterials/AssetViewer/EpicQuadPanorama_CC+EV1.uasset" 104
"../../../Engine/Content/EditorMaterials/MatineeGroups/MAT_ColorTrack.uasset" 105
"../../../Engine/Content/EditorMaterials/MatineeGroups/MAT_Groups_Anim.uasset" 106
"../../../Engine/Content/EditorMaterials/MatineeGroups/MAT_Groups_AudioMaster.uasset" 107
"../../../Engine/Content/EditorMaterials/MatineeGroups/MAT_Groups_Director.uasset" 108
"../../../Engine/Content/EditorMaterials/MatineeGroups/MAT_Groups_Event.uasset" 109
"../../../Engine/Content/EditorMaterials/MatineeGroups/MAT_Groups_Fade.uasset" 110
"../../../Engine/Content/EditorMaterials/MatineeGroups/MAT_Groups_Float.uasset" 111
"../../../Engine/Content/EditorMaterials/MatineeGroups/MAT_Groups_Move.uasset" 112
"../../../Engine/Content/EditorMaterials/MatineeGroups/MAT_Groups_Slomo.uasset" 113
"../../../Engine/Content/EditorMaterials/MatineeGroups/MAT_Groups_Sound.uasset" 114
"../../../Engine/Content/EditorMaterials/MatineeGroups/MAT_Groups_Vector.uasset" 115
"../../../Engine/Content/EditorMaterials/ParticleSystems/PSysThumbnail_NoImage.uasset" 116
"../../../Engine/Content/EditorMaterials/ParticleSystems/PSysThumbnail_OOD.uasset" 117
"../../../Engine/Content/EditorMaterials/Thumbnails/FloorPlaneMaterial.uasset" 118
"../../../Engine/Content/EditorMeshes/EditorCylinder.uasset" 119
"../../../Engine/Content/EditorMeshes/EditorPlane.uasset" 120
"../../../Engine/Content/EditorMaterials/Thumbnails/SkySphereMaterial.uasset" 121
"../../../Engine/Content/EditorMeshes/EditorSkySphere.uasset" 122
"../../../Engine/Content/EditorMeshes/EditorSphere.uasset" 123
"../../../Engine/Content/EditorResources/MatineeCam_D.uasset" 124
"../../../Engine/Content/EditorMaterials/MatineeCam_mat.uasset" 125
"../../../Engine/Content/EditorMeshes/MatineeCam_SM.uasset" 126
"../../../Engine/Content/Functions/Engine_MaterialFunctions01/Shading/ConvertFromDiffSpec.uasset" 127
"../../../Engine/Content/EditorMaterials/GridMaterial.uasset" 128
"../../../Engine/Content/EditorMeshes/PhAT_FloorBox.uasset" 129
"../../../Engine/Content/EditorMaterials/Camera/CineMat.uasset" 130
"../../../Engine/Content/EditorMaterials/Camera/MI_CineMat_CameraBody.uasset" 131
"../../../Engine/Content/EngineDebugMaterials/M_SimpleOpaque.uasset" 132
"../../../Engine/Content/EditorMaterials/Camera/MI_CineMat_CamViewFinder.uasset" 133
"../../../Engine/Content/EditorMeshes/Camera/SM_CineCam.uasset" 134
"../../../Engine/Content/EditorMaterials/Camera/MI_CineMat_Rig.uasset" 135
"../../../Engine/Content/EditorMeshes/Camera/SM_CraneRig_Arm.uasset" 136
"../../../Engine/Content/EditorMeshes/Camera/SM_CraneRig_Base.uasset" 137
"../../../Engine/Content/EditorMeshes/Camera/SM_CraneRig_Body.uasset" 138
"../../../Engine/Content/EditorMeshes/Camera/SM_CraneRig_Mount.uasset" 139
"../../../Engine/Content/EditorMeshes/Camera/SM_RailRig_Mount.uasset" 140
"../../../Engine/Content/EditorMeshes/Camera/SM_RailRig_Track.uasset" 141
"../../../Engine/Content/EditorMeshes/ColorCalibrator/M_ChromeBall.uasset" 142
"../../../Engine/Content/EditorMeshes/ColorCalibrator/M_ClearCoat.uasset" 143
"../../../Engine/Content/EditorMeshes/ColorCalibrator/M_ClearCoatBlack.uasset" 144
"../../../Engine/Content/EditorMeshes/ColorCalibrator/T_ColorGrid.uasset" 145
"../../../Engine/Content/EditorMeshes/ColorCalibrator/M_ColorGrid.uasset" 146
"../../../Engine/Content/EditorMeshes/ColorCalibrator/M_GreyBall.uasset" 147
"../../../Engine/Content/EditorMeshes/ColorCalibrator/SM_ColorCalibrator.uasset" 148
"../../../Engine/Content/EditorResources/Bad.uasset" 149
"../../../Engine/Content/EditorResources/BSPVertex.uasset" 150
"../../../Engine/Content/EditorResources/EmptyActor.uasset" 151
"../../../Engine/Content/EditorResources/MatInstActSprite.uasset" 152
"../../../Engine/Content/EditorResources/SceneManager.uasset" 153
"../../../Engine/Content/EditorResources/SmallFont.uasset" 154
"../../../Engine/Content/EditorResources/S_Actor.uasset" 155
"../../../Engine/Content/EditorResources/S_DecalActorIcon.uasset" 156
"../../../Engine/Content/EditorResources/S_Emitter.uasset" 157
"../../../Engine/Content/EditorResources/S_ExpoHeightFog.uasset" 158
"../../../Engine/Content/EditorResources/S_FTest.uasset" 159
"../../../Engine/Content/EditorResources/S_KBSJoint.uasset" 160
"../../../Engine/Content/EditorResources/S_KHinge.uasset" 161
"../../../Engine/Content/EditorResources/S_KPrismatic.uasset" 162
"../../../Engine/Content/EditorResources/S_LevelSequence.uasset" 163
"../../../Engine/Content/EditorResources/S_NavP.uasset" 164
"../../../Engine/Content/EditorResources/S_Note.uasset" 165
"../../../Engine/Content/EditorResources/S_Player.uasset" 166
"../../../Engine/Content/EditorResources/S_PortalActorIcon2.uasset" 167
"../../../Engine/Content/EditorResources/S_RadForce.uasset" 168
"../../../Engine/Content/EditorResources/S_ReflActorIcon.uasset" 169
"../../../Engine/Content/EditorResources/S_Terrain.uasset" 170
"../../../Engine/Content/EditorResources/S_TextRenderActorIcon.uasset" 171
"../../../Engine/Content/EditorResources/S_Thruster.uasset" 172
"../../../Engine/Content/EditorResources/S_Trigger.uasset" 173
"../../../Engine/Content/EditorResources/S_VectorFieldVol.uasset" 174
"../../../Engine/Content/EditorResources/S_WindDirectional.uasset" 175
"../../../Engine/Content/EditorResources/AI/S_NavLink.uasset" 176
"../../../Engine/Content/EditorResources/LightIcons/SkyLight.uasset" 177
"../../../Engine/Content/EditorResources/LightIcons/S_LightDirectional.uasset" 178
"../../../Engine/Content/EditorResources/LightIcons/S_LightDirectionalMove.uasset" 179
"../../../Engine/Content/EditorResources/LightIcons/S_LightError.uasset" 180
"../../../Engine/Content/EditorResources/LightIcons/S_LightPoint.uasset" 181
"../../../Engine/Content/EditorResources/LightIcons/S_LightPointMove.uasset" 182
"../../../Engine/Content/EditorResources/LightIcons/S_LightSpot.uasset" 183
"../../../Engine/Content/EditorResources/LightIcons/S_LightSpotMove.uasset" 184
"../../../Engine/Content/EditorResources/SequenceRecorder/Countdown.uasset" 185
"../../../Engine/Content/EditorResources/SequenceRecorder/RecordingIndicator.uasset" 186
"../../../Engine/Content/EditorResources/Spline/T_Loft_Spline.uasset" 187
"../../../Engine/Content/EditorSounds/Notifications/CompileFailed.uasset" 188
"../../../Engine/Content/EditorSounds/Notifications/CompileFailed_Cue.uasset" 189
"../../../Engine/Content/EditorSounds/Notifications/CompileSuccess.uasset" 190
"../../../Engine/Content/EditorSounds/Notifications/CompileStart_Cue.uasset" 191
"../../../Engine/Content/EditorSounds/Notifications/CompileSuccess_Cue.uasset" 192
"../../../Engine/Content/EngineDamageTypes/DmgTypeBP_Environmental.uasset" 193
"../../../Engine/Content/EngineDebugMaterials/HeatmapGradient.uasset" 194
"../../../Engine/Content/EngineDebugMaterials/BoneWeightMaterial.uasset" 195
"../../../Engine/Content/EngineDebugMaterials/ClothMaterial.uasset" 196
"../../../Engine/Content/EngineDebugMaterials/DebugMeshMaterial.uasset" 197
"../../../Engine/Content/EngineDebugMaterials/GeomMaterial.uasset" 198
"../../../Engine/Content/EngineDebugMaterials/LevelColorationLitMaterial.uasset" 199
"../../../Engine/Content/EngineDebugMaterials/LevelColorationUnlitMaterial.uasset" 200
"../../../Engine/Content/EngineMaterials/DefaultWhiteGrid.uasset" 201
"../../../Engine/Content/EngineDebugMaterials/MAT_LevelColorationLitLightmapUV.uasset" 202
"../../../Engine/Content/EngineDebugMaterials/M_SimpleTranslucent.uasset" 203
"../../../Engine/Content/EngineDebugMaterials/ShadedLevelColorationLitMaterial.uasset" 204
"../../../Engine/Content/EngineDebugMaterials/ShadedLevelColorationUnlitMateri.uasset" 205
"../../../Engine/Content/EngineDebugMaterials/VertexColorMaterial.uasset" 206
"../../../Engine/Content/EngineDebugMaterials/VertexColorViewMode_AlphaAsColor.uasset" 207
"../../../Engine/Content/EngineDebugMaterials/VertexColorViewMode_BlueOnly.uasset" 208
"../../../Engine/Content/EngineDebugMaterials/VertexColorViewMode_ColorOnly.uasset" 209
"../../../Engine/Content/EngineDebugMaterials/VertexColorViewMode_GreenOnly.uasset" 210
"../../../Engine/Content/EngineDebugMaterials/VertexColorViewMode_RedOnly.uasset" 211
"../../../Engine/Content/EngineDebugMaterials/WireframeMaterial.uasset" 212
"../../../Engine/Content/EngineFonts/Faces/RobotoBold.uasset" 213
"../../../Engine/Content/EngineFonts/Faces/RobotoBoldItalic.uasset" 214
"../../../Engine/Content/EngineFonts/Faces/RobotoItalic.uasset" 215
"../../../Engine/Content/EngineFonts/Faces/RobotoLight.uasset" 216
"../../../Engine/Content/EngineFonts/Faces/RobotoRegular.uasset" 217
"../../../Engine/Content/EngineFonts/Roboto.uasset" 218
"../../../Engine/Content/EngineFonts/Faces/RobotoTiny.uasset" 219
"../../../Engine/Content/EngineFonts/RobotoTiny.uasset" 220
"../../../Engine/Content/EngineFonts/SmallFont.uasset" 221
"../../../Engine/Content/EngineFonts/TinyFont.uasset" 222
"../../../Engine/Content/EngineResources/WhiteSquareTexture.uasset" 223
"../../../Engine/Content/EngineMaterials/BlinkingCaret.uasset" 224
"../../../Engine/Content/EngineMaterials/DefaultBloomKernel.uasset" 225
"../../../Engine/Content/EngineMaterials/DefaultBokeh.uasset" 226
"../../../Engine/Content/EngineMaterials/DefaultDiffuse.uasset" 227
"../../../Engine/Content/EngineMaterials/DefaultDeferredDecalMaterial.uasset" 228
"../../../Engine/Content/EngineMaterials/DefaultLightFunctionMaterial.uasset" 229
"../../../Engine/Content/EngineMaterials/DefaultNormal.uasset" 230
"../../../Engine/Content/EngineMaterials/DefaultPostProcessMaterial.uasset" 231
"../../../Engine/Content/EngineFonts/RobotoDistanceField.uasset" 232
"../../../Engine/Content/EngineMaterials/DefaultTextMaterialOpaque.uasset" 233
"../../../Engine/Content/EngineMaterials/EditorBrushMaterial.uasset" 234
"../../../Engine/Content/EngineMaterials/Grid_N.uasset" 235
"../../../Engine/Content/EngineMaterials/HighResolutionScreenshotMaskFunction.uasset" 236
"../../../Engine/Content/EngineMaterials/HighResScreenshot.uasset" 237
"../../../Engine/Content/EngineMaterials/HighResScreenshotCaptureRegion.uasset" 238
"../../../Engine/Content/EngineMaterials/HighResScreenshotMask.uasset" 239
"../../../Engine/Content/EngineMaterials/LandscapeHolePhysicalMaterial.uasset" 240
"../../../Engine/Content/EngineMaterials/InvalidLightmapSettings.uasset" 241
"../../../Engine/Content/EngineMaterials/M_InvalidLightmapSettings.uasset" 242
"../../../Engine/Content/EngineMaterials/PaperDiffuse.uasset" 243
"../../../Engine/Content/EngineMaterials/PaperNormal.uasset" 244
"../../../Engine/Content/EngineMaterials/PhAT_JointLimitMaterial.uasset" 245
"../../../Engine/Content/EngineMaterials/PhysMat_Rubber.uasset" 246
"../../../Engine/Content/EngineMaterials/PreintegratedSkinBRDF.uasset" 247
"../../../Engine/Content/EngineMaterials/RemoveSurfaceMaterial.uasset" 248
"../../../Engine/Content/EngineMaterials/WeightMapPlaceholderTexture.uasset" 249
"../../../Engine/Content/EngineMaterials/Widget3DPassThrough.uasset" 250
"../../../Engine/Content/EngineMaterials/Widget3DPassThrough_Masked.uasset" 251
"../../../Engine/Content/EngineMaterials/Widget3DPassThrough_Opaque.uasset" 252
"../../../Engine/Content/EngineMaterials/Widget3DPassThrough_Masked_OneSided.uasset" 253
"../../../Engine/Content/EngineMaterials/Widget3DPassThrough_Opaque_OneSided.uasset" 254
"../../../Engine/Content/EngineMaterials/Widget3DPassThrough_Translucent.uasset" 255
"../../../Engine/Content/EngineMaterials/Widget3DPassThrough_Translucent_OneSided.uasset" 256
"../../../Engine/Content/EngineMeshes/Cube.uasset" 257
"../../../Engine/Content/EngineMeshes/Cylinder.uasset" 258
"../../../Engine/Content/EngineMeshes/Sphere.uasset" 259
"../../../Engine/Content/EngineResources/Black.uasset" 260
"../../../Engine/Content/EngineResources/DefaultTexture.uasset" 261
"../../../Engine/Content/EngineResources/DefaultTextureCube.uasset" 262
"../../../Engine/Content/EngineResources/GradientTexture0.uasset" 263
"../../../Engine/Content/EngineResources/StreamingPauseIcon.uasset" 264
"../../../Engine/Content/EngineResources/M_StreamingPause.uasset" 265
"../../../Engine/Content/EngineSounds/Master.uasset" 266
"../../../Engine/Content/Functions/Engine_MaterialFunctions01/Shading/PowerToRoughness.uasset" 267
"../../../Engine/Content/Maps/Templates/Thumbnails/Default.uasset" 268
"../../../Engine/Content/Maps/Templates/Thumbnails/VR-Basic.uasset" 269
"../../../Engine/Content/MapTemplates/Sky/DaylightAmbientCubemap.uasset" 270
"../../../Engine/Content/MobileResources/T_MobileControls_texture.uasset" 271
"../../../Engine/Content/MobileResources/T_MobileMenu2.uasset" 272
"../../../Engine/Content/MobileResources/HUD/AnalogHat.uasset" 273
"../../../Engine/Content/MobileResources/HUD/VirtualJoystick_Background.uasset" 274
"../../../Engine/Content/MobileResources/HUD/VirtualJoystick_Thumb.uasset" 275
"../../../Engine/Content/MobileResources/HUD/DefaultVirtualJoysticks.uasset" 276
"../../../Engine/Content/MobileResources/HUD/LeftVirtualJoystickOnly.uasset" 277
"../../../Engine/Content/MobileResources/HUD/MobileHUDButton1_off.uasset" 278
"../../../Engine/Content/MobileResources/HUD/MobileHUDButton1_on.uasset" 279
"../../../Engine/Content/MobileResources/HUD/MobileHUDButton2_off.uasset" 280
"../../../Engine/Content/MobileResources/HUD/MobileHUDButton2_on.uasset" 281
"../../../Engine/Content/MobileResources/HUD/MobileHUDButton3.uasset" 282
"../../../Engine/Content/MobileResources/HUD/MobileHUDButtonFire.uasset" 283
"../../../Engine/Content/MobileResources/HUD/MobileHUDDirectionPad.uasset" 284
"../../../Engine/Content/MobileResources/HUD/MobileHUDDirectionPad2.uasset" 285
"../../../Engine/Content/MobileResources/HUD/MobileHUDDirectionPad3.uasset" 286
"../../../Engine/Content/MobileResources/HUD/MobileHUDDirectionStick.uasset" 287
"../../../Engine/Content/MobileResources/HUD/T_Castle_ThumbstickInner.uasset" 288
"../../../Engine/Content/MobileResources/HUD/T_Castle_ThumbstickOutter.uasset" 289
"../../../Engine/Content/Tutorial/ContentIntroCurve.uasset" 290
"../../../Engine/Content/Tutorial/Basics/TutorialAssets/icon_tab_Levels_40x.uasset" 291
"../../../Engine/Content/Tutorial/BlueprintTutorials/TutorialAssets/BlueprintInterface_64x.uasset" 292
"../../../Engine/Content/Tutorial/BlueprintTutorials/TutorialAssets/BlueprintMacroLibrary_64x.uasset" 293
"../../../Engine/Content/Tutorial/BlueprintTutorials/TutorialAssets/Blueprint_64x.uasset" 294
"../../../Engine/Content/Tutorial/BlueprintTutorials/TutorialAssets/Tutorial_BP_Interface.uasset" 295
"../../../Engine/Content/Tutorial/Foliage/TutorialAssets/Foliage.uasset" 296
"../../../Engine/Content/Tutorial/Landscape/TutorialAssets/Landscape.uasset" 297
"../../../Engine/Content/Tutorial/Paper2D/TutorialAssets/Paper2DFlipbook_TutorialIcon.uasset" 298
"../../../Engine/Content/Tutorial/Paper2D/TutorialAssets/Paper2DSprite_TutorialIcon.uasset" 299
"../../../Engine/Content/Tutorial/SubEditors/TutorialAssets/icon_Editor_Preferences_General_40x.uasset" 300
"../../../Engine/Content/Tutorial/SubEditors/TutorialAssets/icon_ShowSkeletalMeshes_40x.uasset" 301
"../../../Engine/Content/Tutorial/SubEditors/TutorialAssets/TutorialMaterial.uasset" 302
"../../../Engine/Content/Tutorial/SubEditors/TutorialAssets/T_SmokeSubUV_8X8.uasset" 303
"../../../Engine/Content/Tutorial/SubEditors/TutorialAssets/T_soft_smoke.uasset" 304
"../../../Engine/Content/Tutorial/SubEditors/TutorialAssets/M_smoke_subUV_blackbody.uasset" 305
"../../../Engine/Content/Tutorial/SubEditors/TutorialAssets/TutorialParticleSystem.uasset" 306
"../../../Engine/Content/EditorMeshes/EditorCube.uasset" 307
"../../../Engine/Content/Tutorial/SubEditors/TutorialAssets/Tutorial_DM.uasset" 308
"../../../Engine/Content/VREditor/Devices/Generic/GenericHMDMaterial.uasset" 309
"../../../Engine/Content/VREditor/Devices/Generic/GenericHMD.uasset" 310
"../../../Engine/Content/VREditor/FloatingText/LineMaterial.uasset" 311
"../../../Engine/Content/VREditor/FloatingText/JointSphere.uasset" 312
"../../../Engine/Content/VREditor/FloatingText/LineSegmentCylinder.uasset" 313
"../../../Engine/Content/VREditor/Fonts/VRText_RobotoLarge.uasset" 314
"../../../Engine/Content/VREditor/Fonts/VRTextMaterial.uasset" 315
"../../../Engine/Content/VREditor/Fonts/TranslucentVRTextMaterial.uasset" 316
"../../../Engine/Content/VREditor/LaserPointer/VR_LaserPower_01.uasset" 317
"../../../Engine/Content/VREditor/TransformGizmo/TransformGizmoMaterial.uasset" 318
"../../../Engine/Content/VREditor/LaserPointer/HoverMaterial.uasset" 319
"../../../Engine/Content/VREditor/TransformGizmo/TranslucentTransformGizmoMaterial.uasset" 320
"../../../Engine/Content/VREditor/LaserPointer/TranslucentHoverMaterial.uasset" 321
"../../../Engine/Content/VREditor/LaserPointer/HoverMesh.uasset" 322
"../../../Engine/Content/VREditor/LaserPointer/LaserPointerMaterial.uasset" 323
"../../../Engine/Content/VREditor/LaserPointer/LaserPointerMaterialInst.uasset" 324
"../../../Engine/Content/VREditor/LaserPointer/TranslucentLaserPointerMaterialInst.uasset" 325
"../../../Engine/Content/VREditor/LaserPointer/LaserPointerMesh.uasset" 326
"../../../Engine/Content/VREditor/LaserPointer/LaserPointerMesh_End.uasset" 327
"../../../Engine/Content/VREditor/LaserPointer/LaserPointerMesh_Start.uasset" 328
"../../../Engine/Content/Functions/Engine_MaterialFunctions02/Utility/BreakOutFloat3Components.uasset" 329
"../../../Engine/Content/Functions/Engine_MaterialFunctions02/Math/Transform3x3Matrix.uasset" 330
"../../../Engine/Content/Functions/Engine_MaterialFunctions02/SplitComponents.uasset" 331
"../../../Engine/Content/VREditor/SnapGrid/SnapGridMaterial.uasset" 332
"../../../Engine/Content/VREditor/SnapGrid/SnapGridPlaneMesh.uasset" 333
"../../../Engine/Content/VREditor/Sounds/VR_teleport_Cue.uasset" 334
"../../../Engine/Content/VREditor/Sounds/UI/Click_on_Button_Cue.uasset" 335
"../../../Engine/Content/VREditor/Sounds/UI/Dockable_Window_Close.uasset" 336
"../../../Engine/Content/VREditor/Sounds/UI/Dockable_Window_Drop.uasset" 337
"../../../Engine/Content/VREditor/Sounds/UI/Dockable_Window_Open.uasset" 338
"../../../Engine/Content/VREditor/Sounds/UI/Dockable_Window_Pick_Up.uasset" 339
"../../../Engine/Content/VREditor/Sounds/UI/Drop_Item_From_ContentBrowser.uasset" 340
"../../../Engine/Content/VREditor/Sounds/UI/Floating_UI_Open-001.uasset" 341
"../../../Engine/Content/VREditor/Sounds/UI/Gizmo_Handle_Clicked.uasset" 342
"../../../Engine/Content/VREditor/Sounds/UI/Object_PickUp.uasset" 343
"../../../Engine/Content/VREditor/Sounds/UI/Object_Snaps_To_Another_Actor.uasset" 344
"../../../Engine/Content/VREditor/Sounds/UI/Object_Snaps_To_Grid.uasset" 345
"../../../Engine/Content/VREditor/Sounds/UI/Radial_Menu_FadeOut.uasset" 346
"../../../Engine/Content/VREditor/Sounds/UI/Scaling_Down.uasset" 347
"../../../Engine/Content/VREditor/Sounds/UI/Scaling_Up.uasset" 348
"../../../Engine/Content/VREditor/Sounds/UI/Selection_Changes.uasset" 349
"../../../Engine/Content/VREditor/Sounds/UI/Teleport_Mode_Entered.uasset" 350
"../../../Engine/Content/VREditor/Teleport/TeleportDirectionMaterial.uasset" 351
"../../../Engine/Content/VREditor/Teleport/TeleportDirectionMaterial_Inst.uasset" 352
"../../../Engine/Content/VREditor/Teleport/TeleportDirectionMesh.uasset" 353
"../../../Engine/Content/VREditor/TransformGizmo/BoundingBoxCorner.uasset" 354
"../../../Engine/Content/VREditor/TransformGizmo/BoundingBoxEdge.uasset" 355
"../../../Engine/Content/VREditor/TransformGizmo/PlaneTranslationHandle.uasset" 356
"../../../Engine/Content/VREditor/TransformGizmo/RotationHandle.uasset" 357
"../../../Engine/Content/VREditor/TransformGizmo/RotationHandleFull.uasset" 358
"../../../Engine/Content/VREditor/TransformGizmo/RotationHandleIndicator.uasset" 359
"../../../Engine/Content/VREditor/TransformGizmo/RotationHandleQuarter.uasset" 360
"../../../Engine/Content/VREditor/TransformGizmo/Main.uasset" 361
"../../../Engine/Content/VREditor/TransformGizmo/Xray.uasset" 362
"../../../Engine/Content/VREditor/TransformGizmo/SM_Dialog_Close.uasset" 363
"../../../Engine/Content/VREditor/TransformGizmo/SM_Dialog_Move.uasset" 364
"../../../Engine/Content/VREditor/TransformGizmo/SM_Sequencer_Key.uasset" 365
"../../../Engine/Content/VREditor/TransformGizmo/StartRotationHandleIndicator.uasset" 366
"../../../Engine/Content/VREditor/TransformGizmo/TransformGizmoMaterial_Inst.uasset" 367
"../../../Engine/Content/VREditor/TransformGizmo/TranslateArrowHandle.uasset" 368
"../../../Engine/Content/VREditor/TransformGizmo/TranslationHandle.uasset" 369
"../../../Engine/Content/VREditor/TransformGizmo/TranslucentTransformGizmoMaterial_Inst.uasset" 370
"../../../Engine/Content/VREditor/TransformGizmo/UniformScaleHandle.uasset" 371
"../../../Engine/Content/VREditor/UI/KeyDiskMaterial.uasset" 372
"../../../Engine/Content/VREditor/UI/DiscMaterial.uasset" 373
"../../../Engine/Content/VREditor/UI/SM_Radial_Disk.uasset" 374
"../../../Engine/Content/Functions/Engine_MaterialFunctions01/Gradient/RadialGradient.uasset" 375
"../../../Engine/Content/VREditor/WorldMovementGrid/SimpleGrid.uasset" 376
"../../../Engine/Content/VREditor/WorldMovementGrid/GridMaterial.uasset" 377
"../../../Engine/Content/Functions/Engine_MaterialFunctions01/Density/ExponentialDensity.uasset" 378
"../../../Engine/Content/VREditor/WorldMovementGrid/GridPostProcess.uasset" 379
"../../../Engine/Content/EditorLandscapeResources/FlattenHeightMat.uasset" 380
"../../../Engine/Content/VREditor/WorldMovementGrid/PlaneMesh.uasset" 381
"../../../Juldan_RPG/Content/WidgetMacroLibrary.uasset" 382
"../../../Juldan_RPG/Content/RatkinArmy/Textures/T_RatkinFur_D.uasset" 383
"../../../Juldan_RPG/Content/RatkinArmy/Materials/M_Ratkin_Fur.uasset" 384
"../../../Juldan_RPG/Content/RatkinArmy/Textures/Shaman/T_ShamkinBodyA_D.uasset" 385
"../../../Juldan_RPG/Content/RatkinArmy/Textures/T_RatkinBody_N.uasset" 386
"../../../Juldan_RPG/Content/RatkinArmy/Materials/Shaman/M_RatkunShaman_body.uasset" 387
"../../../Juldan_RPG/Content/RatkinArmy/Character/Shaman/RakinShaman_Skeleton.uasset" 388
"../../../Juldan_RPG/Content/RatkinArmy/Character/Shaman/RatkinShaman_PhysicsAsset.uasset" 389
"../../../Juldan_RPG/Content/RatkinArmy/Character/Shaman/Parts/SM_RatkinShaman_body.uasset" 390
"../../../Juldan_RPG/Content/Inventorysystem/Character/Mesh/SK_Mannequin_Skeleton.uasset" 391
"../../../Juldan_RPG/Content/Inventorysystem/Animations/ThirdPerson_Jump.uasset" 392
"../../../Juldan_RPG/Content/Inventorysystem/Animations/ThirdPersonJump_Loop.uasset" 393
"../../../Juldan_RPG/Content/Inventorysystem/Animations/ThirdPersonJump_Start.uasset" 394
"../../../Juldan_RPG/Content/Inventorysystem/Animations/ThirdPersonIdle.uasset" 395
"../../../Juldan_RPG/Content/Inventorysystem/Animations/ThirdPersonRun.uasset" 396
"../../../Juldan_RPG/Content/Inventorysystem/Animations/ThirdPersonWalk.uasset" 397
"../../../Juldan_RPG/Content/Inventorysystem/Animations/ThirdPerson_IdleRun_2D.uasset" 398
"../../../Juldan_RPG/Content/Inventorysystem/Animations/ThirdPerson_AnimBP.uasset" 399
"../../../Engine/Content/EngineMeshes/Humanoid.uasset" 400
"../../../Juldan_RPG/Content/Juldan/Charstuff/Arissa_Skeleton.uasset" 401
"../../../Juldan_RPG/Content/Juldan/AnimationsGirl/ThirdPerson_Jump.uasset" 402
"../../../Juldan_RPG/Content/Juldan/AnimationsGirl/ThirdPersonJump_Loop.uasset" 403
"../../../Juldan_RPG/Content/Juldan/AnimationsGirl/ThirdPersonJump_Start.uasset" 404
"../../../Juldan_RPG/Content/Juldan/AnimationsGirl/ThirdPersonIdle.uasset" 405
"../../../Juldan_RPG/Content/Juldan/AnimationsGirl/ThirdPersonRun.uasset" 406
"../../../Juldan_RPG/Content/Juldan/AnimationsGirl/ThirdPersonWalk.uasset" 407
"../../../Juldan_RPG/Content/Juldan/AnimationsGirl/ThirdPerson_IdleRun_2D.uasset" 408
"../../../Juldan_RPG/Content/Juldan/AnimationsGirl/ThirdPerson_AnimBP.uasset" 409
"../../../Juldan_RPG/Content/Inventorysystem/Blueprints/Weapons/Weapon_Actor.uasset" 410
"../../../Juldan_RPG/Content/Inventorysystem/Blueprints/Inventory/EquipmentSockets.uasset" 411
"../../../Juldan_RPG/Content/Juldan/Charstuff/Arissa_DIFF_diffuse.uasset" 412
"../../../Juldan_RPG/Content/Juldan/Charstuff/Arissa_NM_normal.uasset" 413
"../../../Juldan_RPG/Content/Juldan/Charstuff/Arissa_SPEC_specular.uasset" 414
"../../../Juldan_RPG/Content/Juldan/Charstuff/Arissa_MAT.uasset" 415
"../../../Juldan_RPG/Content/Juldan/Charstuff/Arissa_PhysicsAsset.uasset" 416
"../../../Juldan_RPG/Content/Juldan/Charstuff/Arissa.uasset" 417
"../../../Juldan_RPG/Content/Inventorysystem/Blueprints/EquipmentCharacter.uasset" 418
"../../../Juldan_RPG/Content/Juldan/Charstuff/ThirdPersonCharacter.uasset" 419
"../../../Juldan_RPG/Content/ThirdPersonBP/Blueprints/ThirdPersonGameMode.uasset" 420
"../../../Engine/Plugins/2D/Paper2D/Content/DummySprite.uasset" 421
"../../../Engine/Plugins/2D/Paper2D/Content/DefaultPaperTerrainMaterial.uasset" 422
"../../../Engine/Plugins/2D/Paper2D/Content/DefaultSpriteMaterial.uasset" 423
"../../../Engine/Plugins/2D/Paper2D/Content/MaskedUnlitSpriteMaterial.uasset" 424
"../../../Engine/Plugins/2D/Paper2D/Content/OpaqueUnlitSpriteMaterial.uasset" 425
"../../../Engine/Plugins/2D/Paper2D/Content/PlaceholderTextures/DummySpriteTexture.uasset" 426
"../../../Engine/Plugins/Runtime/GearVR/Content/Textures/GearVRController_AO.uasset" 427
"../../../Engine/Plugins/Runtime/GearVR/Content/Textures/GearVRController_Color.uasset" 428
"../../../Engine/Plugins/Runtime/GearVR/Content/Textures/GearVRController_Normal.uasset" 429
"../../../Engine/Plugins/Runtime/GearVR/Content/Materials/GearVRControllerMaterial.uasset" 430
"../../../Engine/Plugins/Runtime/GearVR/Content/Meshes/GearVrController.uasset" 431
"../../../Engine/Content/Maps/Entry.umap" 432
"../../../Juldan_RPG/Content/RatkinArmy/Character/Slave/RatkinSlave_Skeleton.uasset" 433
"../../../Juldan_RPG/Content/RatkinArmy/Animations/Slave/Ratkin_1H_Dying_A.uasset" 434
"../../../Juldan_RPG/Content/RatkinArmy/Animations/Slave/Ratkin_1H_Cautious_walk.uasset" 435
"../../../Juldan_RPG/Content/RatkinArmy/Animations/Slave/Ratkin_1H_combat_run.uasset" 436
"../../../Juldan_RPG/Content/RatkinArmy/Animations/Slave/Ratkin_IDLE.uasset" 437
"../../../Juldan_RPG/Content/RatkinArmy/Animations/Slave/BS_Slave.uasset" 438
"../../../Juldan_RPG/Content/RatkinArmy/Animations/Slave/BP_Slave.uasset" 439
"../../../Juldan_RPG/Content/RatkinArmy/Animations/Slave/Ratkin_1H_sword_swing_high_left.uasset" 440
"../../../Juldan_RPG/Content/RatkinArmy/Animations/Slave/Slaveatk01.uasset" 441
"../../../Juldan_RPG/Content/RatkinArmy/Animations/Slave/Ratkin_1H_sword_swing_high_right.uasset" 442
"../../../Juldan_RPG/Content/RatkinArmy/Animations/Slave/Slaveatk02.uasset" 443
"../../../Juldan_RPG/Content/RatkinArmy/Animations/Slave/Ratkin_1H_sword_swing_high_straight_down.uasset" 444
"../../../Juldan_RPG/Content/RatkinArmy/Animations/Slave/Slaveatk03.uasset" 445
"../../../Juldan_RPG/Content/RatkinArmy/Animations/Slave/Ratkin_1H_sword_swing_low_left.uasset" 446
"../../../Juldan_RPG/Content/RatkinArmy/Animations/Slave/Slaveatk04.uasset" 447
"../../../Juldan_RPG/Content/Inventorysystem/Materials/PP_OutlineCustomDepth.uasset" 448
"../../../Juldan_RPG/Content/Inventorysystem/Materials/PP_OutlineCustomDepth_Inst.uasset" 449
"../../../Juldan_RPG/Content/Inventorysystem/Blueprints/InventoryPlayerCharacter.uasset" 450
"../../../Juldan_RPG/Content/Inventorysystem/Items/Weapons/Textures/T_Weapon_Bone_Blades_D.uasset" 451
"../../../Juldan_RPG/Content/Inventorysystem/Items/Weapons/Textures/T_Weapon_Bone_Blades_N.uasset" 452
"../../../Juldan_RPG/Content/Inventorysystem/Items/Weapons/Materials/M_Weapon_Bone_Blades.uasset" 453
"../../../Juldan_RPG/Content/Inventorysystem/Items/Weapons/Meshes/SK_Weapon_Bone_Dagger_PhysicsAsset.uasset" 454
"../../../Juldan_RPG/Content/Inventorysystem/Items/Weapons/Meshes/SK_Weapon_Bone_Dagger_Skeleton.uasset" 455
"../../../Juldan_RPG/Content/Inventorysystem/Items/Weapons/Meshes/SK_Weapon_Bone_Dagger.uasset" 456
"../../../Juldan_RPG/Content/RatkinArmy/Textures/T_RatkinBodyA_D.uasset" 457
"../../../Juldan_RPG/Content/RatkinArmy/Materials/M_Ratkin_Body.uasset" 458
"../../../Juldan_RPG/Content/RatkinArmy/Textures/Slave/T_RatkinPick_D.uasset" 459
"../../../Juldan_RPG/Content/RatkinArmy/Textures/Slave/T_RatkinPick_N.uasset" 460
"../../../Juldan_RPG/Content/RatkinArmy/Materials/Slave/M_Ratkin_Pick.uasset" 461
"../../../Juldan_RPG/Content/RatkinArmy/Character/Slave/RatkinSlave_PhysicsAsset.uasset" 462
"../../../Juldan_RPG/Content/RatkinArmy/Character/Slave/SM_RatkinSlave.uasset" 463
"../../../Juldan_RPG/Content/RatkinArmy/Blueprints/Slave/BP_RatkinSlave_Child.uasset" 464
"../../../Engine/Content/EngineSky/C_Sky_Cloud_Color.uasset" 465
"../../../Engine/Content/EngineSky/C_Sky_Horizon_Color.uasset" 466
"../../../Engine/Content/EngineSky/C_Sky_Zenith_Color.uasset" 467
"../../../Engine/Content/EngineSky/T_Sky_Blue.uasset" 468
"../../../Engine/Content/EngineSky/T_Sky_Clouds_M.uasset" 469
"../../../Engine/Content/EngineSky/T_Sky_Stars.uasset" 470
"../../../Engine/Content/EngineSky/M_Sky_Panning_Clouds2.uasset" 471
"../../../Engine/Content/EngineSky/SM_SkySphere.uasset" 472
"../../../Engine/Content/EngineSky/BP_Sky_Sphere.uasset" 473
"../../../Juldan_RPG/Content/Inventorysystem/Blueprints/Inventory/EquipmentSlotType.uasset" 474
"../../../Juldan_RPG/Content/Inventorysystem/Blueprints/Inventory/EquipmentType.uasset" 475
"../../../Juldan_RPG/Content/Inventorysystem/Blueprints/Inventory/ItemQuality.uasset" 476
"../../../Juldan_RPG/Content/Inventorysystem/Blueprints/Inventory/ItemType.uasset" 477
"../../../Juldan_RPG/Content/Inventorysystem/Blueprints/Inventory/InventoryItem.uasset" 478
"../../../Juldan_RPG/Content/Inventorysystem/Blueprints/Components/InventoryComponent.uasset" 479
"../../../Juldan_RPG/Content/Inventorysystem/Blueprints/InventoryHUDInterface.uasset" 480
"../../../Juldan_RPG/Content/Inventorysystem/UI/Blueprints/DragWidget.uasset" 481
"../../../Juldan_RPG/Content/Inventorysystem/Blueprints/Inventory/ItemInformation.uasset" 482
"../../../Juldan_RPG/Content/Inventorysystem/UI/Blueprints/Inventory/DragItem.uasset" 483
"../../../Juldan_RPG/Content/Inventorysystem/Blueprints/Inventory/ToolTipInfo.uasset" 484
"../../../Juldan_RPG/Content/Inventorysystem/Blueprints/Inventory/EquipmentSlots.uasset" 485
"../../../Juldan_RPG/Content/Inventorysystem/Blueprints/Inventory/QualityColors.uasset" 486
"../../../Juldan_RPG/Content/Inventorysystem/UI/Textures/T_UI_Item_Border.uasset" 487
"../../../Juldan_RPG/Content/Inventorysystem/UI/Blueprints/Inventory/DraggedItem.uasset" 488
"../../../Juldan_RPG/Content/Inventorysystem/UI/Textures/T_UI_Slot.uasset" 489
"../../../Juldan_RPG/Content/Inventorysystem/UI/Blueprints/Inventory/ToolTip.uasset" 490
"../../../Juldan_RPG/Content/Inventorysystem/UI/Textures/T_UI_Loot_Name.uasset" 491
"../../../Juldan_RPG/Content/Inventorysystem/UI/Blueprints/Inventory/Container_Slot.uasset" 492
"../../../Juldan_RPG/Content/Inventorysystem/UI/Blueprints/Inventory/Container.uasset" 493
"../../../Juldan_RPG/Content/Inventorysystem/UI/Blueprints/Inventory/Hotbar_Slot.uasset" 494
"../../../Juldan_RPG/Content/Inventorysystem/UI/Blueprints/Inventory/Hotbar.uasset" 495
"../../../Juldan_RPG/Content/Inventorysystem/UI/Blueprints/Inventory/Inventory_Slot.uasset" 496
"../../../Juldan_RPG/Content/Inventorysystem/UI/Textures/T_ICON_Slot_Accessory.uasset" 497
"../../../Juldan_RPG/Content/Inventorysystem/UI/Textures/T_ICON_Slot_Back.uasset" 498
"../../../Juldan_RPG/Content/Inventorysystem/UI/Textures/T_ICON_Slot_Chest.uasset" 499
"../../../Juldan_RPG/Content/Inventorysystem/UI/Textures/T_ICON_Slot_Feet.uasset" 500
"../../../Juldan_RPG/Content/Inventorysystem/UI/Textures/T_ICON_Slot_Hands.uasset" 501
"../../../Juldan_RPG/Content/Inventorysystem/UI/Textures/T_ICON_Slot_Head.uasset" 502
"../../../Juldan_RPG/Content/Inventorysystem/UI/Textures/T_ICON_Slot_Legs.uasset" 503
"../../../Juldan_RPG/Content/Inventorysystem/UI/Textures/T_ICON_Slot_Main_Hand.uasset" 504
"../../../Juldan_RPG/Content/Inventorysystem/UI/Textures/T_ICON_Slot_Off_Hand.uasset" 505
"../../../Juldan_RPG/Content/Inventorysystem/UI/Textures/T_ICON_Slot_Ring.uasset" 506
"../../../Juldan_RPG/Content/Inventorysystem/UI/Textures/T_ICON_Slot_Shoulder.uasset" 507
"../../../Juldan_RPG/Content/Inventorysystem/UI/Textures/T_ICON_Slot_Trinket.uasset" 508
"../../../Juldan_RPG/Content/Inventorysystem/UI/Textures/T_ICON_Slot_Waist.uasset" 509
"../../../Juldan_RPG/Content/Inventorysystem/UI/Blueprints/Inventory/Equipment.uasset" 510
"../../../Juldan_RPG/Content/Inventorysystem/UI/Textures/T_ICON_Coin.uasset" 511
"../../../Juldan_RPG/Content/Inventorysystem/UI/Blueprints/Inventory/Inventory.uasset" 512
"../../../Juldan_RPG/Content/Inventorysystem/UI/Blueprints/InventoryLayout.uasset" 513
"../../../Juldan_RPG/Content/Inventorysystem/Blueprints/Components/EquipmentInventoryComponent.uasset" 514
"../../../Juldan_RPG/Content/Inventorysystem/Blueprints/Inventory/InventoryInterface.uasset" 515
"../../../Juldan_RPG/Content/Inventorysystem/Blueprints/Inventory/Item.uasset" 516
"../../../Juldan_RPG/Content/Inventorysystem/Blueprints/Demo/Example_02/NPCItems.uasset" 517
"../../../Engine/Content/EditorBlueprintResources/ActorMacros.uasset" 518
"../../../Juldan_RPG/Content/Inventorysystem/Blueprints/UsableActorInterface.uasset" 519
"../../../Juldan_RPG/Content/Inventorysystem/Items/Miscellaneous/Icons/T_ICON_NULL.uasset" 520
"../../../Juldan_RPG/Content/Inventorysystem/Items/Miscellaneous/Materials/M_NULL.uasset" 521
"../../../Juldan_RPG/Content/Inventorysystem/Items/Miscellaneous/Meshes/SM_NULL.uasset" 522
"../../../Juldan_RPG/Content/Inventorysystem/Blueprints/Usables/Usable_Actor.uasset" 523
"../../../Juldan_RPG/Content/Inventorysystem/Blueprints/Demo/ClassStartingEquipment.uasset" 524
"../../../Juldan_RPG/Content/Inventorysystem/Items/Weapons/Materials/M_Weapon_Rifle_Assault.uasset" 525
"../../../Juldan_RPG/Content/Inventorysystem/Items/Weapons/Meshes/SK_Weapon_Rifle_Assault_PhysicsAsset.uasset" 526
"../../../Juldan_RPG/Content/Inventorysystem/Items/Weapons/Meshes/SK_Weapon_Rifle_Assault_Skeleton.uasset" 527
"../../../Juldan_RPG/Content/Inventorysystem/Items/Weapons/Meshes/SK_Weapon_Rifle_Assault.uasset" 528
"../../../Juldan_RPG/Content/Inventorysystem/Blueprints/Weapons/Weapon_Rifle_Assualt.uasset" 529
"../../../Engine/Content/Functions/Engine_MaterialFunctions01/WorldPositionOffset/SimpleGrassWind.uasset" 530
"../../../Juldan_RPG/Content/Inventorysystem/Environment/Textures/T_Fern_D.uasset" 531
"../../../Juldan_RPG/Content/Inventorysystem/Environment/Textures/T_Fern_N.uasset" 532
"../../../Juldan_RPG/Content/Inventorysystem/Environment/Materials/M_Fern.uasset" 533
"../../../Juldan_RPG/Content/Inventorysystem/Environment/Meshes/SM_Fern.uasset" 534
"../../../Juldan_RPG/Content/Inventorysystem/Items/Consumables/Icons/T_ICON_Food_Apple.uasset" 535
"../../../Juldan_RPG/Content/Inventorysystem/Items/Consumables/Icons/T_ICON_Food_Apple_Poisoned.uasset" 536
"../../../Juldan_RPG/Content/Inventorysystem/Items/Consumables/Icons/T_ICON_Food_Baguette.uasset" 537
"../../../Juldan_RPG/Content/Inventorysystem/Items/Consumables/Icons/T_ICON_Food_Bread.uasset" 538
"../../../Juldan_RPG/Content/Inventorysystem/Items/Consumables/Icons/T_ICON_Food_Fern.uasset" 539
"../../../Juldan_RPG/Content/Inventorysystem/Items/Consumables/Icons/T_ICON_Food_Hambone.uasset" 540
"../../../Juldan_RPG/Content/Inventorysystem/Items/Consumables/Textures/T_Food_Apple_01_D.uasset" 541
"../../../Juldan_RPG/Content/Inventorysystem/Items/Consumables/Textures/T_Food_Apple_N.uasset" 542
"../../../Juldan_RPG/Content/Inventorysystem/Items/Consumables/Materials/M_Food_Apple.uasset" 543
"../../../Juldan_RPG/Content/Inventorysystem/Items/Consumables/Meshes/SM_Food_Apple.uasset" 544
"../../../Juldan_RPG/Content/Inventorysystem/Items/Consumables/Textures/T_Food_Apple_02_D.uasset" 545
"../../../Juldan_RPG/Content/Inventorysystem/Items/Consumables/Materials/M_Food_Apple_Poinsoned.uasset" 546
"../../../Juldan_RPG/Content/Inventorysystem/Items/Consumables/Meshes/SM_Food_Apple_Poisoned.uasset" 547
"../../../Juldan_RPG/Content/Inventorysystem/Items/Consumables/Textures/T_Food_Baguette_01_D.uasset" 548
"../../../Juldan_RPG/Content/Inventorysystem/Items/Consumables/Textures/T_Food_Baguette_01_N.uasset" 549
"../../../Juldan_RPG/Content/Inventorysystem/Items/Consumables/Textures/T_Food_Baguette_02_D.uasset" 550
"../../../Juldan_RPG/Content/Inventorysystem/Items/Consumables/Textures/T_Food_Baguette_02_N.uasset" 551
"../../../Juldan_RPG/Content/Inventorysystem/Items/Consumables/Materials/M_Food_Baguette.uasset" 552
"../../../Juldan_RPG/Content/Inventorysystem/Items/Consumables/Meshes/SM_Food_Baguette.uasset" 553
"../../../Juldan_RPG/Content/Inventorysystem/Items/Consumables/Meshes/SM_Food_Bread.uasset" 554
"../../../Juldan_RPG/Content/Inventorysystem/Items/Consumables/Textures/T_Food_Hambone_01_D.uasset" 555
"../../../Juldan_RPG/Content/Inventorysystem/Items/Consumables/Textures/T_Food_Hambone_01_N.uasset" 556
"../../../Juldan_RPG/Content/Inventorysystem/Items/Consumables/Textures/T_Food_Hambone_02_D.uasset" 557
"../../../Juldan_RPG/Content/Inventorysystem/Items/Consumables/Textures/T_Food_Hambone_02_N.uasset" 558
"../../../Juldan_RPG/Content/Inventorysystem/Items/Consumables/Materials/M_Food_Hambone.uasset" 559
"../../../Juldan_RPG/Content/Inventorysystem/Items/Consumables/Meshes/SM_Food_Hambone.uasset" 560
"../../../Juldan_RPG/Content/Inventorysystem/Items/Equipment/Icons/T_ICON_Armor_Bladed_Shoulder.uasset" 561
"../../../Juldan_RPG/Content/Inventorysystem/Items/Equipment/Icons/T_ICON_Armor_Cardboard_Boots.uasset" 562
"../../../Juldan_RPG/Content/Inventorysystem/Items/Equipment/Icons/T_ICON_Armor_Cardboard_Chest.uasset" 563
"../../../Juldan_RPG/Content/Inventorysystem/Items/Equipment/Icons/T_ICON_Armor_Cardboard_Gloves.uasset" 564
"../../../Juldan_RPG/Content/Inventorysystem/Items/Equipment/Icons/T_ICON_Armor_Cardboard_Helmet.uasset" 565
"../../../Juldan_RPG/Content/Inventorysystem/Items/Equipment/Icons/T_ICON_Armor_Cardboard_Legs.uasset" 566
"../../../Juldan_RPG/Content/Inventorysystem/Items/Equipment/Icons/T_ICON_Armor_Leather_Boots.uasset" 567
"../../../Juldan_RPG/Content/Inventorysystem/Items/Equipment/Icons/T_ICON_Armor_Leather_Helmet.uasset" 568
"../../../Juldan_RPG/Content/Inventorysystem/Items/Equipment/Icons/T_ICON_Armor_Leather_Hood.uasset" 569
"../../../Juldan_RPG/Content/Inventorysystem/Items/Equipment/Icons/T_ICON_Equip_Bone_Amulet.uasset" 570
"../../../Juldan_RPG/Content/Inventorysystem/Items/Equipment/Icons/T_ICON_Equip_Leather_Backpack.uasset" 571
"../../../Juldan_RPG/Content/Inventorysystem/Items/Equipment/Icons/T_ICON_Equip_Leather_Pouches.uasset" 572
"../../../Juldan_RPG/Content/Inventorysystem/Items/Equipment/Icons/T_ICON_Equip_Leather_Ring.uasset" 573
"../../../Juldan_RPG/Content/Inventorysystem/Items/Equipment/Icons/T_ICON_Equip_Spiked_Ring.uasset" 574
"../../../Juldan_RPG/Content/Inventorysystem/Items/Equipment/Textures/T_Armor_Troll_N.uasset" 575
"../../../Juldan_RPG/Content/Inventorysystem/Items/Equipment/Textures/T_Armor_Troll_D.uasset" 576
"../../../Juldan_RPG/Content/Inventorysystem/Items/Equipment/Textures/T_Armor_Troll_M.uasset" 577
"../../../Juldan_RPG/Content/Inventorysystem/Items/Equipment/Materials/M_Armor_Troll_Leather.uasset" 578
"../../../Juldan_RPG/Content/Inventorysystem/Items/Equipment/Meshes/SK_Armor_Bladed_Shoulder_PhysicsAsset.uasset" 579
"../../../Juldan_RPG/Content/Inventorysystem/Items/Equipment/Meshes/SK_Armor_Bladed_Shoulder.uasset" 580
"../../../Juldan_RPG/Content/Inventorysystem/Items/Equipment/Textures/T_Armor_Cardboard_D.uasset" 581
"../../../Juldan_RPG/Content/Inventorysystem/Items/Equipment/Textures/T_Armor_Cardboard_N.uasset" 582
"../../../Juldan_RPG/Content/Inventorysystem/Items/Equipment/Textures/T_Armor_Cardboard_Skin_Mask.uasset" 583
"../../../Juldan_RPG/Content/Inventorysystem/Items/Equipment/Materials/M_Armor_Cardboard.uasset" 584
"../../../Juldan_RPG/Content/Inventorysystem/Items/Equipment/Meshes/SK_Armor_Cardboard_Boots_PhysicsAsset.uasset" 585
"../../../Juldan_RPG/Content/Inventorysystem/Items/Equipment/Meshes/SK_Armor_Cardboard_Boots.uasset" 586
"../../../Juldan_RPG/Content/Inventorysystem/Items/Equipment/Meshes/SK_Armor_Cardboard_Chest_PhysicsAsset.uasset" 587
"../../../Juldan_RPG/Content/Inventorysystem/Items/Equipment/Meshes/SK_Armor_Cardboard_Chest.uasset" 588
"../../../Juldan_RPG/Content/Inventorysystem/Items/Equipment/Meshes/SK_Armor_Cardboard_Gloves_PhysicsAsset.uasset" 589
"../../../Juldan_RPG/Content/Inventorysystem/Items/Equipment/Meshes/SK_Armor_Cardboard_Gloves.uasset" 590
"../../../Juldan_RPG/Content/Inventorysystem/Items/Equipment/Meshes/SK_Armor_Cardboard_Helmet_PhysicsAsset.uasset" 591
"../../../Juldan_RPG/Content/Inventorysystem/Items/Equipment/Meshes/SK_Armor_Cardboard_Helmet.uasset" 592
"../../../Juldan_RPG/Content/Inventorysystem/Items/Equipment/Meshes/SK_Armor_Cardboard_Legs_PhysicsAsset.uasset" 593
"../../../Juldan_RPG/Content/Inventorysystem/Items/Equipment/Meshes/SK_Armor_Cardboard_Legs.uasset" 594
"../../../Juldan_RPG/Content/Inventorysystem/Items/Equipment/Textures/T_Armor_Leather_D.uasset" 595
"../../../Juldan_RPG/Content/Inventorysystem/Items/Equipment/Textures/T_Armor_Leather_Metal_Mask.uasset" 596
"../../../Juldan_RPG/Content/Inventorysystem/Items/Equipment/Textures/T_Armor_Leather_N.uasset" 597
"../../../Juldan_RPG/Content/Inventorysystem/Items/Equipment/Materials/M_Armor_Leather.uasset" 598
"../../../Juldan_RPG/Content/Inventorysystem/Items/Equipment/Meshes/SK_Armor_Leather_Boots_PhysicsAsset.uasset" 599
"../../../Juldan_RPG/Content/Inventorysystem/Items/Equipment/Meshes/SK_Armor_Leather_Boots.uasset" 600
"../../../Juldan_RPG/Content/Inventorysystem/Items/Equipment/Meshes/SK_Armor_Leather_Helmet_PhysicsAsset.uasset" 601
"../../../Juldan_RPG/Content/Inventorysystem/Items/Equipment/Meshes/SK_Armor_Leather_Helmet.uasset" 602
"../../../Juldan_RPG/Content/Inventorysystem/Items/Equipment/Meshes/SK_Armor_Leather_Hood_PhysicsAsset.uasset" 603
"../../../Juldan_RPG/Content/Inventorysystem/Items/Equipment/Meshes/SK_Armor_Leather_Hood.uasset" 604
"../../../Juldan_RPG/Content/Inventorysystem/Items/Equipment/Textures/T_Equip_Bone_Amulet_N.uasset" 605
"../../../Juldan_RPG/Content/Inventorysystem/Items/Equipment/Textures/T_Equip_Bone_Amulet_D.uasset" 606
"../../../Juldan_RPG/Content/Inventorysystem/Items/Equipment/Textures/T_Equip_Bone_Amulet_M.uasset" 607
"../../../Juldan_RPG/Content/Inventorysystem/Items/Equipment/Materials/M_Equip_Bone_Amulet.uasset" 608
"../../../Juldan_RPG/Content/Inventorysystem/Items/Equipment/Meshes/SK_Equip_Bone_Amulet_PhysicsAsset.uasset" 609
"../../../Juldan_RPG/Content/Inventorysystem/Items/Equipment/Meshes/SK_Equip_Bone_Amulet.uasset" 610
"../../../Juldan_RPG/Content/Inventorysystem/Items/Equipment/Meshes/SK_Equip_Leather_Backpack_PhysicsAsset.uasset" 611
"../../../Juldan_RPG/Content/Inventorysystem/Items/Equipment/Meshes/SK_Equip_Leather_Backpack.uasset" 612
"../../../Juldan_RPG/Content/Inventorysystem/Items/Equipment/Meshes/SK_Equip_Leather_Pouches_PhysicsAsset.uasset" 613
"../../../Juldan_RPG/Content/Inventorysystem/Items/Equipment/Meshes/SK_Equip_Leather_Pouches.uasset" 614
"../../../Juldan_RPG/Content/Inventorysystem/Items/Equipment/Meshes/SK_Equip_Ring_PhysicsAsset.uasset" 615
"../../../Juldan_RPG/Content/Inventorysystem/Items/Equipment/Meshes/SK_Equip_Ring_Skeleton.uasset" 616
"../../../Juldan_RPG/Content/Inventorysystem/Items/Equipment/Meshes/SK_Equip_Ring.uasset" 617
"../../../Juldan_RPG/Content/Inventorysystem/Items/Equipment/Meshes/SK_Equip_Ring_Spiked_PhysicsAsset.uasset" 618
"../../../Juldan_RPG/Content/Inventorysystem/Items/Equipment/Meshes/SK_Equip_Ring_Spiked.uasset" 619
"../../../Juldan_RPG/Content/Inventorysystem/Items/Equipment/Meshes/SM_Armor_Bladed_Shoulder.uasset" 620
"../../../Juldan_RPG/Content/Inventorysystem/Items/Equipment/Meshes/SM_Armor_Cardboard_Boots.uasset" 621
"../../../Juldan_RPG/Content/Inventorysystem/Items/Equipment/Meshes/SM_Armor_Cardboard_Chest.uasset" 622
"../../../Juldan_RPG/Content/Inventorysystem/Items/Equipment/Meshes/SM_Armor_Cardboard_Gloves.uasset" 623
"../../../Juldan_RPG/Content/Inventorysystem/Items/Equipment/Meshes/SM_Armor_Cardboard_Helm.uasset" 624
"../../../Juldan_RPG/Content/Inventorysystem/Items/Equipment/Meshes/SM_Armor_Cardboard_Legs.uasset" 625
"../../../Juldan_RPG/Content/Inventorysystem/Items/Equipment/Meshes/SM_Armor_Leather_Boots.uasset" 626
"../../../Juldan_RPG/Content/Inventorysystem/Items/Equipment/Meshes/SM_Armor_Leather_Helmet.uasset" 627
"../../../Juldan_RPG/Content/Inventorysystem/Items/Equipment/Meshes/SM_Armor_Leather_Hood.uasset" 628
"../../../Juldan_RPG/Content/Inventorysystem/Items/Equipment/Meshes/SM_Equip_Bone_Amulet.uasset" 629
"../../../Juldan_RPG/Content/Inventorysystem/Items/Equipment/Meshes/SM_Equip_Leather_Backpack.uasset" 630
"../../../Juldan_RPG/Content/Inventorysystem/Items/Equipment/Meshes/SM_Equip_Leather_Pouches.uasset" 631
"../../../Juldan_RPG/Content/Inventorysystem/Items/Equipment/Meshes/SM_Equip_Ring.uasset" 632
"../../../Juldan_RPG/Content/Inventorysystem/Items/Equipment/Meshes/SM_Equip_Ring_Spiked.uasset" 633
"../../../Juldan_RPG/Content/Inventorysystem/Items/Miscellaneous/Icons/T_ICON_Currency_Gold.uasset" 634
"../../../Juldan_RPG/Content/Inventorysystem/Items/Miscellaneous/Icons/T_ICON_Misc_Human_Skull.uasset" 635
"../../../Juldan_RPG/Content/Inventorysystem/Items/Miscellaneous/Textures/T_Currency_Gold_Coin_A.uasset" 636
"../../../Juldan_RPG/Content/Inventorysystem/Items/Miscellaneous/Textures/T_Currency_Gold_Coin_M.uasset" 637
"../../../Juldan_RPG/Content/Inventorysystem/Items/Miscellaneous/Textures/T_Currency_Gold_Coin_N.uasset" 638
"../../../Juldan_RPG/Content/Inventorysystem/Items/Miscellaneous/Textures/T_Currency_Gold_Coin_R.uasset" 639
"../../../Juldan_RPG/Content/Inventorysystem/Items/Miscellaneous/Materials/M_Currency_Gold_Coin.uasset" 640
"../../../Juldan_RPG/Content/Inventorysystem/Items/Miscellaneous/Meshes/SM_Coin.uasset" 641
"../../../Juldan_RPG/Content/Inventorysystem/Environment/Textures/T_Skeleton_D.uasset" 642
"../../../Juldan_RPG/Content/Inventorysystem/Environment/Textures/T_Skeleton_N.uasset" 643
"../../../Juldan_RPG/Content/Inventorysystem/Environment/Materials/M_Skeleton.uasset" 644
"../../../Juldan_RPG/Content/Inventorysystem/Items/Miscellaneous/Meshes/SM_Human_Skull.uasset" 645
"../../../Juldan_RPG/Content/Inventorysystem/Items/Weapons/Icon/T_ICON_Shield_Wood_Planks.uasset" 646
"../../../Juldan_RPG/Content/Inventorysystem/Items/Weapons/Icon/T_ICON_Weapon_Bone_Dagger.uasset" 647
"../../../Juldan_RPG/Content/Inventorysystem/Items/Weapons/Icon/T_ICON_Weapon_Bone_Sword.uasset" 648
"../../../Juldan_RPG/Content/Inventorysystem/Items/Weapons/Icon/T_ICON_Weapon_Rifle_Assault.uasset" 649
"../../../Juldan_RPG/Content/Inventorysystem/Items/Weapons/Icon/T_ICON_Weapon_Simple_Axe.uasset" 650
"../../../Juldan_RPG/Content/Inventorysystem/Environment/Textures/T_Wood_Planks_D.uasset" 651
"../../../Juldan_RPG/Content/Inventorysystem/Environment/Textures/T_Wood_Planks_M.uasset" 652
"../../../Juldan_RPG/Content/Inventorysystem/Environment/Textures/T_Wood_Planks_N.uasset" 653
"../../../Juldan_RPG/Content/Inventorysystem/Environment/Materials/M_Wood_Planks.uasset" 654
"../../../Juldan_RPG/Content/Inventorysystem/Items/Weapons/Meshes/SK_Shield_Wood_Planks_PhysicsAsset.uasset" 655
"../../../Juldan_RPG/Content/Inventorysystem/Items/Weapons/Meshes/SK_Shield_Wood_Planks_Skeleton.uasset" 656
"../../../Juldan_RPG/Content/Inventorysystem/Items/Weapons/Meshes/SK_Shield_Wood_Planks.uasset" 657
"../../../Juldan_RPG/Content/Inventorysystem/Items/Weapons/Meshes/SK_Weapon_Bone_Sword_PhysicsAsset.uasset" 658
"../../../Juldan_RPG/Content/Inventorysystem/Items/Weapons/Meshes/SK_Weapon_Bone_Sword_Skeleton.uasset" 659
"../../../Juldan_RPG/Content/Inventorysystem/Items/Weapons/Meshes/SK_Weapon_Bone_Sword.uasset" 660
"../../../Juldan_RPG/Content/Inventorysystem/Items/Weapons/Textures/T_Master_Grunt_Blade_N.uasset" 661
"../../../Juldan_RPG/Content/Inventorysystem/Items/Weapons/Textures/T_Master_Grunt_Blade_D.uasset" 662
"../../../Juldan_RPG/Content/Inventorysystem/Items/Weapons/Textures/T_Master_Grunt_Blade_M.uasset" 663
"../../../Juldan_RPG/Content/Inventorysystem/Items/Weapons/Materials/M_Master_Grunt_Weapon.uasset" 664
"../../../Juldan_RPG/Content/Inventorysystem/Items/Weapons/Meshes/SK_Weapon_Simple_Axe_PhysicsAsset.uasset" 665
"../../../Juldan_RPG/Content/Inventorysystem/Items/Weapons/Meshes/SK_Weapon_Simple_Axe_Skeleton.uasset" 666
"../../../Juldan_RPG/Content/Inventorysystem/Items/Weapons/Meshes/SK_Weapon_Simple_Axe.uasset" 667
"../../../Juldan_RPG/Content/Inventorysystem/Items/Weapons/Meshes/SM_Shield_Wood_Planks.uasset" 668
"../../../Juldan_RPG/Content/Inventorysystem/Items/Weapons/Meshes/SM_Weapon_Assault_Rifle.uasset" 669
"../../../Juldan_RPG/Content/Inventorysystem/Items/Weapons/Meshes/SM_Weapon_Bone_Dagger.uasset" 670
"../../../Juldan_RPG/Content/Inventorysystem/Items/Weapons/Meshes/SM_Weapon_Bone_Sword.uasset" 671
"../../../Juldan_RPG/Content/Inventorysystem/Items/Weapons/Meshes/SM_Weapon_Simple_Axe.uasset" 672
"../../../Juldan_RPG/Content/Inventorysystem/Items/ItemList.uasset" 673
"../../../Juldan_RPG/Content/Inventorysystem/Blueprints/Demo/Classes.uasset" 674
"../../../Juldan_RPG/Content/Inventorysystem/Blueprints/InventoryPlayerController.uasset" 675
"../../../Juldan_RPG/Content/Inventorysystem/Blueprints/Usables/World_Actor.uasset" 676
"../../../Juldan_RPG/Content/Inventorysystem/Blueprints/Inventory/ContainerInfo.uasset" 677
"../../../Juldan_RPG/Content/Inventorysystem/Blueprints/Components/InventoryManagerComponent.uasset" 678
"../../../Juldan_RPG/Content/Inventorysystem/UI/Blueprints/Demo/InteractText.uasset" 679
"../../../Juldan_RPG/Content/Inventorysystem/UI/Textures/T_ICON_Empty.uasset" 680
"../../../Juldan_RPG/Content/Inventorysystem/UI/Textures/T_UI_Player_Icon.uasset" 681
"../../../Juldan_RPG/Content/Inventorysystem/UI/Textures/T_UI_Square.uasset" 682
"../../../Juldan_RPG/Content/Inventorysystem/UI/Blueprints/Demo/PlayerFrame.uasset" 683
"../../../Juldan_RPG/Content/Inventorysystem/UI/Blueprints/HUDLayout.uasset" 684
"../../../Juldan_RPG/Content/Inventorysystem/UI/Textures/T_UI_Crosshair.uasset" 685
"../../../Juldan_RPG/Content/Inventorysystem/Blueprints/InventoryHUD.uasset" 686
"../../../Juldan_RPG/Content/Inventorysystem/Blueprints/InventoryGameMode.uasset" 687
"../../../Juldan_RPG/Content/Inventorysystem/Items/Blueprints/Armor_Leather_Helmet.uasset" 688
"../../../Juldan_RPG/Content/Inventorysystem/Items/Blueprints/Shield_Wood_Planks.uasset" 689
"../../../Juldan_RPG/Content/Inventorysystem/Items/Blueprints/Weapon_Bone_Sword.uasset" 690
"../../../Engine/Content/Functions/Engine_MaterialFunctions01/Coordinates/WorldPosition-XY.uasset" 691
"../../../Engine/Content/Functions/Engine_MaterialFunctions02/Math/CreateThirdOrthogonalVector.uasset" 692
"../../../Engine/Content/Functions/Engine_MaterialFunctions02/Math/TimeWithSpeedVariable.uasset" 693
"../../../Engine/Content/Functions/Engine_MaterialFunctions03/Blends/Blend_Overlay.uasset" 694
"../../../Juldan_RPG/Content/LandscapeAutoMaterial/Materials/LandscapeAutoMaterial/Functions/DistanceBlend.uasset" 695
"../../../Juldan_RPG/Content/LandscapeAutoMaterial/Materials/LandscapeAutoMaterial/SSS/LAM_Material.uasset" 696
"../../../Juldan_RPG/Content/LandscapeAutoMaterial/Meshes/Grass/Textures/Grass00_D.uasset" 697
"../../../Juldan_RPG/Content/LandscapeAutoMaterial/Meshes/Grass/Textures/Grass00_N.uasset" 698
"../../../Juldan_RPG/Content/LandscapeAutoMaterial/Meshes/Grass/Textures/Grass00_S.uasset" 699
"../../../Juldan_RPG/Content/LandscapeAutoMaterial/Meshes/Grass/Textures/Noize_Wave_N.uasset" 700
"../../../Juldan_RPG/Content/LandscapeAutoMaterial/Meshes/Water/Textures/Waves_N.uasset" 701
"../../../Juldan_RPG/Content/LandscapeAutoMaterial/Textures/Generic/Clouds.uasset" 702
"../../../Juldan_RPG/Content/LandscapeAutoMaterial/Textures/Tiles/Masks.uasset" 703
"../../../Juldan_RPG/Content/LandscapeAutoMaterial/Meshes/Grass/Grass00_M.uasset" 704
"../../../Juldan_RPG/Content/LandscapeAutoMaterial/Meshes/Grass/Grass00_Inst.uasset" 705
"../../../Juldan_RPG/Content/LandscapeAutoMaterial/Meshes/Bushes/Bush_00.uasset" 706
"../../../Juldan_RPG/Content/LandscapeAutoMaterial/Meshes/Bushes/Bush_00_1.uasset" 707
"../../../Juldan_RPG/Content/LandscapeAutoMaterial/Meshes/Bushes/Bush_00_2.uasset" 708
"../../../Juldan_RPG/Content/LandscapeAutoMaterial/Meshes/Bushes/Bush_01.uasset" 709
"../../../Juldan_RPG/Content/LandscapeAutoMaterial/Meshes/Bushes/Bush_01_1.uasset" 710
"../../../Juldan_RPG/Content/LandscapeAutoMaterial/Meshes/Bushes/Bush_01_2.uasset" 711
"../../../Juldan_RPG/Content/LandscapeAutoMaterial/Meshes/Bushes/Bush_02.uasset" 712
"../../../Juldan_RPG/Content/LandscapeAutoMaterial/Meshes/Bushes/Bush_02_1.uasset" 713
"../../../Juldan_RPG/Content/LandscapeAutoMaterial/Meshes/Bushes/Bush_02_2.uasset" 714
"../../../Juldan_RPG/Content/LandscapeAutoMaterial/Meshes/Grass/SmallGrass/Grass04.uasset" 715
"../../../Juldan_RPG/Content/LandscapeAutoMaterial/Meshes/Bushes/Bushes_01.uasset" 716
"../../../Juldan_RPG/Content/LandscapeAutoMaterial/Meshes/Grass/SmallGrass/Grass00.uasset" 717
"../../../Juldan_RPG/Content/LandscapeAutoMaterial/Meshes/Grass/SmallGrass/Grass01.uasset" 718
"../../../Juldan_RPG/Content/LandscapeAutoMaterial/Meshes/Grass/SmallGrass/Grass02.uasset" 719
"../../../Juldan_RPG/Content/LandscapeAutoMaterial/Meshes/Grass/SmallGrass/Grass03.uasset" 720
"../../../Juldan_RPG/Content/LandscapeAutoMaterial/Meshes/Grass/SmallGrass/Rescaled/Grass00Big.uasset" 721
"../../../Juldan_RPG/Content/LandscapeAutoMaterial/Meshes/Grass/SmallGrass/Rescaled/Grass01.uasset" 722
"../../../Juldan_RPG/Content/LandscapeAutoMaterial/Meshes/Grass/SmallGrass/Rescaled/Grass03.uasset" 723
"../../../Juldan_RPG/Content/LandscapeAutoMaterial/Meshes/Trees/BillboardAtlass_D.uasset" 724
"../../../Juldan_RPG/Content/LandscapeAutoMaterial/Meshes/Trees/Billboard_Atlass.uasset" 725
"../../../Engine/Content/Functions/Engine_MaterialFunctions02/WorldPositionOffset/ObjectPivotPoint.uasset" 726
"../../../Juldan_RPG/Content/LandscapeAutoMaterial/Meshes/Trees/Fir-Tree/FirBranch_D.uasset" 727
"../../../Juldan_RPG/Content/LandscapeAutoMaterial/Meshes/Trees/Fir-Tree/FirBranch_N.uasset" 728
"../../../Juldan_RPG/Content/LandscapeAutoMaterial/Meshes/Trees/Leave-Tree/Branch_M.uasset" 729
"../../../Juldan_RPG/Content/LandscapeAutoMaterial/Meshes/Trees/Leave-Tree/Branch_D.uasset" 730
"../../../Juldan_RPG/Content/LandscapeAutoMaterial/Meshes/Trees/Leave-Tree/Branch_N.uasset" 731
"../../../Juldan_RPG/Content/LandscapeAutoMaterial/Meshes/Trees/Leave-Tree/Branch_Inst2.uasset" 732
"../../../Juldan_RPG/Content/LandscapeAutoMaterial/Materials/LandscapeAutoMaterial/Functions/DistanceTessellation.uasset" 733
"../../../Juldan_RPG/Content/LandscapeAutoMaterial/Meshes/Trees/Fir-Tree/Moss_D.uasset" 734
"../../../Juldan_RPG/Content/LandscapeAutoMaterial/Meshes/Trees/Fir-Tree/Orange_Pine_Bark_OCC.uasset" 735
"../../../Juldan_RPG/Content/LandscapeAutoMaterial/Meshes/Trees/Fir-Tree/Tree_Bark_D.uasset" 736
"../../../Juldan_RPG/Content/LandscapeAutoMaterial/Meshes/Trees/Fir-Tree/Tree_Bark_DISP.uasset" 737
"../../../Juldan_RPG/Content/LandscapeAutoMaterial/Meshes/Trees/Fir-Tree/Tree_Bark_N.uasset" 738
"../../../Juldan_RPG/Content/LandscapeAutoMaterial/Meshes/Trees/Fir-Tree/Tree_Bark_S.uasset" 739
"../../../Juldan_RPG/Content/LandscapeAutoMaterial/Meshes/Trees/Fir-Tree/Trunk_M.uasset" 740
"../../../Juldan_RPG/Content/LandscapeAutoMaterial/Meshes/Trees/Fir-Tree/Tree_Bark_OCC.uasset" 741
"../../../Juldan_RPG/Content/LandscapeAutoMaterial/Meshes/Trees/Leave-Tree/Trunk_Inst2.uasset" 742
"../../../Juldan_RPG/Content/LandscapeAutoMaterial/Meshes/Trees/Leave-Tree/Leave-Tree-01a.uasset" 743
"../../../Juldan_RPG/Content/LandscapeAutoMaterial/Meshes/Grass/Grass_01.uasset" 744
"../../../Juldan_RPG/Content/LandscapeAutoMaterial/Meshes/Grass/SmallGrass/Rescaled/Grass00.uasset" 745
"../../../Juldan_RPG/Content/LandscapeAutoMaterial/Meshes/Grass/Grass_02.uasset" 746
"../../../Juldan_RPG/Content/LandscapeAutoMaterial/Meshes/Grass/BigGrass/Grass00_Flower06.uasset" 747
"../../../Engine/Content/Functions/Engine_MaterialFunctions02/Texturing/WorldPositionWithScale.uasset" 748
"../../../Juldan_RPG/Content/LandscapeAutoMaterial/Materials/LandscapeAutoMaterial/Functions/TriplanarCoord.uasset" 749
"../../../Juldan_RPG/Content/LandscapeAutoMaterial/Meshes/Stones/Stone_01_D.uasset" 750
"../../../Juldan_RPG/Content/LandscapeAutoMaterial/Meshes/Stones/Stone_01_S.uasset" 751
"../../../Juldan_RPG/Content/LandscapeAutoMaterial/Meshes/Stones/Stone_Default002a_N.uasset" 752
"../../../Juldan_RPG/Content/LandscapeAutoMaterial/Textures/Tiles/Cliff01/Cliffs0060_H.uasset" 753
"../../../Juldan_RPG/Content/LandscapeAutoMaterial/Meshes/Stones/Stone_01_M.uasset" 754
"../../../Juldan_RPG/Content/LandscapeAutoMaterial/Meshes/Stones/Stone_01LOD1_D.uasset" 755
"../../../Juldan_RPG/Content/LandscapeAutoMaterial/Meshes/Stones/Stone_01LOD1_N.uasset" 756
"../../../Juldan_RPG/Content/LandscapeAutoMaterial/Meshes/Stones/Stone_LOD1.uasset" 757
"../../../Juldan_RPG/Content/LandscapeAutoMaterial/Meshes/Stones/Stone_01LOD2_D.uasset" 758
"../../../Juldan_RPG/Content/LandscapeAutoMaterial/Meshes/Stones/Stone_01LOD2_N.uasset" 759
"../../../Juldan_RPG/Content/LandscapeAutoMaterial/Meshes/Stones/Stone_LOD2.uasset" 760
"../../../Juldan_RPG/Content/LandscapeAutoMaterial/Meshes/Stones/Stone_01LOD3_D.uasset" 761
"../../../Juldan_RPG/Content/LandscapeAutoMaterial/Meshes/Stones/Stone_LOD3_2.uasset" 762
"../../../Juldan_RPG/Content/LandscapeAutoMaterial/Meshes/Stones/Stone_01.uasset" 763
"../../../Juldan_RPG/Content/LandscapeAutoMaterial/Meshes/Stones/Stone_02.uasset" 764
"../../../Juldan_RPG/Content/LandscapeAutoMaterial/Meshes/Stones/Stone_03.uasset" 765
"../../../Juldan_RPG/Content/LandscapeAutoMaterial/Meshes/Stones/Stones_01.uasset" 766
"../../../Juldan_RPG/Content/ThirdPersonBP/Maps/ThirdPersonExampleMap_sharedassets/Auto_LayerInfo.uasset" 767
"../../../Juldan_RPG/Content/ThirdPersonBP/Maps/ThirdPersonExampleMap_sharedassets/Layer_01_LayerInfo.uasset" 768
"../../../Juldan_RPG/Content/ThirdPersonBP/Maps/ThirdPersonExampleMap_BuiltData.uasset" 769
"../../../Engine/Content/Functions/Engine_MaterialFunctions01/AlphaBlend/WorldAlignedBlend.uasset" 770
"../../../Engine/Content/Functions/Engine_MaterialFunctions01/Gradient/LinearGradient.uasset" 771
"../../../Engine/Content/Functions/Engine_MaterialFunctions01/ImageAdjustment/CheapContrast.uasset" 772
"../../../Engine/Content/Functions/Engine_MaterialFunctions02/Math/InverseTransformMatrix.uasset" 773
"../../../Engine/Content/Functions/Engine_MaterialFunctions02/Math/TransformToZVector.uasset" 774
"../../../Engine/Content/Functions/Engine_MaterialFunctions02/Utility/CameraDirectionVector.uasset" 775
"../../../Engine/Content/EngineVolumetrics/Fogsheet/Materials/T_EV_BlankWhite_01.uasset" 776
"../../../Engine/Content/Functions/Engine_MaterialFunctions01/Texturing/ParallaxOcclusionMapping.uasset" 777
"../../../Engine/Content/Functions/Engine_MaterialFunctions02/Texturing/HeightLerp.uasset" 778
"../../../Engine/Content/Functions/Engine_MaterialFunctions02/Texturing/ScreenAlignedPixelToPixelUVs.uasset" 779
"../../../Engine/Content/EngineMaterials/Good64x64TilingNoiseHighFreq.uasset" 780
"../../../Engine/Content/Functions/Engine_MaterialFunctions02/Utility/DitherTemporalAA.uasset" 781
"../../../Juldan_RPG/Content/LandscapeAutoMaterial/Materials/LandscapeAutoMaterial/Functions/Blend_HeightAndSlope.uasset" 782
"../../../Juldan_RPG/Content/LandscapeAutoMaterial/Materials/LandscapeAutoMaterial/Functions/GlobalUVScaler.uasset" 783
"../../../Juldan_RPG/Content/LandscapeAutoMaterial/Textures/Tiles/Stones01/Stones01_D_H.uasset" 784
"../../../Juldan_RPG/Content/LandscapeAutoMaterial/Materials/LandscapeAutoMaterial/Functions/SlopeMask.uasset" 785
"../../../Juldan_RPG/Content/LandscapeAutoMaterial/Materials/LandscapeAutoMaterial/Functions/TriplanarLayer.uasset" 786
"../../../Juldan_RPG/Content/LandscapeAutoMaterial/Textures/Tiles/Grass01/Grass0072_D.uasset" 787
"../../../Juldan_RPG/Content/LandscapeAutoMaterial/Materials/LandscapeAutoMaterial/Functions/AutoLayer.uasset" 788
"../../../Juldan_RPG/Content/LandscapeAutoMaterial/Materials/LandscapeAutoMaterial/Functions/SlopeMask_HeightVariation_Mask.uasset" 789
"../../../Juldan_RPG/Content/LandscapeAutoMaterial/Materials/LandscapeAutoMaterial/Functions/Heigh_Slope_Variation.uasset" 790
"../../../Juldan_RPG/Content/LandscapeAutoMaterial/Materials/LandscapeAutoMaterial/Functions/MatLayerBlend_Tesselated.uasset" 791
"../../../Juldan_RPG/Content/LandscapeAutoMaterial/Textures/Tiles/Cliff01/Cliff01_D_H.uasset" 792
"../../../Juldan_RPG/Content/LandscapeAutoMaterial/Materials/LandscapeAutoMaterial/Functions/Triplanar_Cliff_D.uasset" 793
"../../../Juldan_RPG/Content/LandscapeAutoMaterial/Materials/LandscapeAutoMaterial/Functions/Triplanar_Cliff_Displace_Mask.uasset" 794
"../../../Juldan_RPG/Content/LandscapeAutoMaterial/Textures/Tiles/Cliff01/Cliff01_Normal___id_normal_.uasset" 795
"../../../Juldan_RPG/Content/LandscapeAutoMaterial/Materials/LandscapeAutoMaterial/Functions/Triplanar_Cliff_N.uasset" 796
"../../../Juldan_RPG/Content/LandscapeAutoMaterial/Materials/LandscapeAutoMaterial/Functions/Triplanar_Cliff_R.uasset" 797
"../../../Juldan_RPG/Content/LandscapeAutoMaterial/Materials/LandscapeAutoMaterial/Functions/WorldCoords-XY.uasset" 798
"../../../Juldan_RPG/Content/LandscapeAutoMaterial/Textures/Tiles/Grass01/Grass0072_N.uasset" 799
"../../../Juldan_RPG/Content/LandscapeAutoMaterial/Textures/Tiles/Road01/Road_D.uasset" 800
"../../../Juldan_RPG/Content/LandscapeAutoMaterial/Textures/Tiles/Road01/Road_D_NRM.uasset" 801
"../../../Juldan_RPG/Content/LandscapeAutoMaterial/Textures/Tiles/Road01/Road_D_SPEC.uasset" 802
"../../../Juldan_RPG/Content/LandscapeAutoMaterial/Materials/LandscapeAutoMaterial/LandscapeMaterials/Layer_01.uasset" 803
"../../../Juldan_RPG/Content/LandscapeAutoMaterial/Textures/Tiles/SandDunes01/Sand_01.uasset" 804
"../../../Juldan_RPG/Content/LandscapeAutoMaterial/Textures/Tiles/SandDunes01/Sand_01_NRM.uasset" 805
"../../../Juldan_RPG/Content/LandscapeAutoMaterial/Materials/LandscapeAutoMaterial/LandscapeMaterials/Layer_02.uasset" 806
"../../../Juldan_RPG/Content/LandscapeAutoMaterial/Materials/LandscapeAutoMaterial/LandscapeMaterials/Layer_03.uasset" 807
"../../../Juldan_RPG/Content/LandscapeAutoMaterial/Materials/LandscapeAutoMaterial/LandscapeMaterials/Planar.uasset" 808
"../../../Juldan_RPG/Content/LandscapeAutoMaterial/Materials/LandscapeAutoMaterial/LandscapeMaterials/Side.uasset" 809
"../../../Juldan_RPG/Content/LandscapeAutoMaterial/Textures/Tiles/Pebbels01/Pebbles_01_POM.uasset" 810
"../../../Juldan_RPG/Content/LandscapeAutoMaterial/Materials/LandscapeAutoMaterial/LandscapeMaterials/Slopes.uasset" 811
"../../../Juldan_RPG/Content/LandscapeAutoMaterial/Materials/LandscapeAutoMaterial/LandscapeMaterials/Slopes_HeightVariation.uasset" 812
"../../../Juldan_RPG/Content/LandscapeAutoMaterial/Meshes/Water/Textures/Caustics_D.uasset" 813
"../../../Juldan_RPG/Content/LandscapeAutoMaterial/Textures/Generic/NoizesBig_D.uasset" 814
"../../../Juldan_RPG/Content/LandscapeAutoMaterial/Materials/LandscapeAutoMaterial/LandscapeMaterials/Water_Caustics.uasset" 815
"../../../Juldan_RPG/Content/LandscapeAutoMaterial/Textures/Generic/SplatterMask_D.uasset" 816
"../../../Juldan_RPG/Content/LandscapeAutoMaterial/Materials/LandscapeAutoMaterial/Landscape_Automaterial_M.uasset" 817
"../../../Juldan_RPG/Content/LandscapeAutoMaterial/Textures/Tiles/Cliff01/Cliff01_Height___id_height_.uasset" 818
"../../../Juldan_RPG/Content/LandscapeAutoMaterial/Textures/Tiles/Cliff01/Cliffs0060_S.uasset" 819
"../../../Juldan_RPG/Content/LandscapeAutoMaterial/Textures/Tiles/Pebbels01/Pebbles_01_D3.uasset" 820
"../../../Juldan_RPG/Content/LandscapeAutoMaterial/Textures/Tiles/Pebbels01/Pebbles_01_N.uasset" 821
"../../../Juldan_RPG/Content/LandscapeAutoMaterial/Textures/Tiles/Pebbels01/Pebbles_01_S.uasset" 822
"../../../Juldan_RPG/Content/LandscapeAutoMaterial/Textures/Tiles/Sand01/T_Sand_D.uasset" 823
"../../../Juldan_RPG/Content/LandscapeAutoMaterial/Textures/Tiles/Sand01/T_Sand_N2.uasset" 824
"../../../Juldan_RPG/Content/LandscapeAutoMaterial/Materials/LandscapeAutoMaterial/Landscape_Automaterial_Inst.uasset" 825
"../../../Juldan_RPG/Content/InfinityBladeGrassLands/Environments/Plains/Env_Plains_Floors/Textures/T_Plains_Terrain_Floors01_D.uasset" 826
"../../../Juldan_RPG/Content/InfinityBladeGrassLands/Environments/Plains/Env_Plains_Floors/Textures/T_Plains_Terrain_Floors01_N.uasset" 827
"../../../Juldan_RPG/Content/InfinityBladeGrassLands/Environments/SurfaceTypes/PhysicalMaterial_Stone.uasset" 828
"../../../Juldan_RPG/Content/InfinityBladeGrassLands/Environments/Plains/Env_Plains_Floors/Materials/M_Plains_Floors_Block.uasset" 829
"../../../Juldan_RPG/Content/InfinityBladeGrassLands/Environments/Plains/Env_Plains_Floors/StaticMesh/SM_Plains_Floors_Block03.uasset" 830
"../../../Juldan_RPG/Content/InfinityBladeGrassLands/Environments/Plains/Env_Plains_Floors/StaticMesh/SM_Plains_Floors_Block04.uasset" 831
"../../../Juldan_RPG/Content/InfinityBladeGrassLands/Environments/Plains/Env_Plains_Floors/StaticMesh/SM_Plains_Floors_Block05.uasset" 832
"../../../Juldan_RPG/Content/InfinityBladeGrassLands/Environments/Plains/Env_Plains_Flora/Textures/T_Plains_Fern01_D.uasset" 833
"../../../Juldan_RPG/Content/InfinityBladeGrassLands/Environments/Plains/Env_Plains_Flora/Textures/T_Plains_Fern01_N.uasset" 834
"../../../Juldan_RPG/Content/InfinityBladeGrassLands/Environments/Plains/Env_Plains_Flora/Materials/M_PLains_Fern01.uasset" 835
"../../../Juldan_RPG/Content/InfinityBladeGrassLands/Environments/Plains/Env_Plains_Flora/StaticMesh/SM_Plains_Flowers02.uasset" 836
"../../../Juldan_RPG/Content/InfinityBladeGrassLands/Environments/Plains/Env_Plains_Flora/StaticMesh/SM_Plains_Flowers03.uasset" 837
"../../../Juldan_RPG/Content/InfinityBladeGrassLands/Environments/Plains/Env_Plains_Flora/StaticMesh/SM_Plains_Flowers04.uasset" 838
"../../../Juldan_RPG/Content/InfinityBladeGrassLands/Environments/Plains/Env_Plains_Organic/Textures/T_Plains_Rock01_D.uasset" 839
"../../../Juldan_RPG/Content/InfinityBladeGrassLands/Environments/Plains/Env_Plains_Organic/Textures/T_Plains_Rock01_N.uasset" 840
"../../../Juldan_RPG/Content/InfinityBladeGrassLands/Environments/Plains/Env_Plains_Organic/Materials/M_Plains_LargeRock.uasset" 841
"../../../Juldan_RPG/Content/InfinityBladeGrassLands/Environments/Plains/Env_Plains_Organic/StaticMesh/SM_Plains_LargeRock03.uasset" 842
"../../../Juldan_RPG/Content/InfinityBladeGrassLands/Environments/Plains/Env_Plains_Organic/Textures/T_Plains_Cliff001.uasset" 843
"../../../Juldan_RPG/Content/InfinityBladeGrassLands/Environments/Plains/Env_Plains_Organic/Textures/T_Plains_Cliff01.uasset" 844
"../../../Juldan_RPG/Content/InfinityBladeGrassLands/Environments/Plains/Env_Plains_Organic/Materials/M_Plains_Cliff1.uasset" 845
"../../../Juldan_RPG/Content/InfinityBladeGrassLands/Environments/Plains/Env_Plains_Organic/StaticMesh/SM_Plains_LargeRock_CliffEdge.uasset" 846
"../../../Juldan_RPG/Content/InfinityBladeGrassLands/Environments/Plains/Env_Plains_Organic/StaticMesh/SM_Plains_LargeRock_SpireLOD.uasset" 847
"../../../Juldan_RPG/Content/InfinityBladeGrassLands/Environments/Plains/Env_Plains_Organic/StaticMesh/SM_Plains_LargeRock_SpireLOD2.uasset" 848
"../../../Juldan_RPG/Content/InfinityBladeGrassLands/Environments/Plains/Env_Plains_Organic/Textures/T_Plains_Ground01_D.uasset" 849
"../../../Juldan_RPG/Content/InfinityBladeGrassLands/Environments/Plains/Env_Plains_Organic/Textures/T_Plains_Ground01_N.uasset" 850
"../../../Juldan_RPG/Content/InfinityBladeGrassLands/Environments/Plains/Env_Plains_Organic/Materials/M_Plains_GroundBrick.uasset" 851
"../../../Juldan_RPG/Content/InfinityBladeGrassLands/Environments/Plains/Env_Plains_Organic/StaticMesh/SM_Plains_LargeRock_SpireLOD4.uasset" 852
"../../../Juldan_RPG/Content/InfinityBladeGrassLands/Environments/Plains/Env_Plains_Organic/Textures/T_Plains_Rock02_D.uasset" 853
"../../../Juldan_RPG/Content/InfinityBladeGrassLands/Environments/Plains/Env_Plains_Organic/Textures/T_Plains_Rock02_N.uasset" 854
"../../../Juldan_RPG/Content/InfinityBladeGrassLands/Environments/Plains/Env_Plains_Organic/Materials/M_Plains_SmallRock.uasset" 855
"../../../Juldan_RPG/Content/InfinityBladeGrassLands/Environments/Plains/Env_Plains_Organic/StaticMesh/SM_Plains_SmallRock01.uasset" 856
"../../../Juldan_RPG/Content/InfinityBladeGrassLands/Environments/Plains/Env_Plains_Ruins/Textures/T_Plains_Ruins_FloorStones_D.uasset" 857
"../../../Juldan_RPG/Content/InfinityBladeGrassLands/Environments/Plains/Env_Plains_Ruins/Textures/T_Plains_Ruins_FloorStones_N.uasset" 858
"../../../Juldan_RPG/Content/InfinityBladeGrassLands/Environments/Plains/Env_Plains_Ruins/Materials/M_PLains_FloorStone.uasset" 859
"../../../Juldan_RPG/Content/InfinityBladeGrassLands/Environments/Plains/Env_Plains_Ruins/StaticMesh/SM_Plains_Floor_01.uasset" 860
"../../../Juldan_RPG/Content/InfinityBladeGrassLands/Environments/Plains/Env_Plains_Ruins/Textures/T_Plains_Ruins_Pillars_D.uasset" 861
"../../../Juldan_RPG/Content/InfinityBladeGrassLands/Environments/Plains/Env_Plains_Ruins/Textures/T_Plains_Ruins_Pillars_M.uasset" 862
"../../../Juldan_RPG/Content/InfinityBladeGrassLands/Environments/Plains/Env_Plains_Ruins/Textures/T_Plains_Ruins_Pillars_N.uasset" 863
"../../../Juldan_RPG/Content/InfinityBladeGrassLands/Environments/Plains/Env_Plains_Ruins/Materials/M_Plains_Pillars.uasset" 864
"../../../Juldan_RPG/Content/InfinityBladeGrassLands/Environments/Plains/Env_Plains_Ruins/Textures/T_Plains_ExtCastle_StoneWall_01_D.uasset" 865
"../../../Juldan_RPG/Content/InfinityBladeGrassLands/Environments/Plains/Env_Plains_Ruins/Textures/T_Plains_ExtCastle_StoneWall_01_N.uasset" 866
"../../../Juldan_RPG/Content/InfinityBladeGrassLands/Environments/Plains/Env_Plains_Ruins/Materials/M_Plains_StoneWall.uasset" 867
"../../../Juldan_RPG/Content/InfinityBladeGrassLands/Environments/Plains/Env_Plains_Ruins/StaticMesh/SM_Plains_ShortWall_Straight_01.uasset" 868
"../../../Juldan_RPG/Content/InfinityBladeGrassLands/Environments/Plains/Env_Plains_Ruins/StaticMesh/SM_Plains_Wall_Curved_01.uasset" 869
"../../../Juldan_RPG/Content/InfinityBladeGrassLands/Environments/Plains/Env_Plains_Ruins/Textures/T_Plains_Ruins_Pillars_02_D.uasset" 870
"../../../Juldan_RPG/Content/InfinityBladeGrassLands/Environments/Plains/Env_Plains_Ruins/Textures/T_Plains_Ruins_Pillars_02_N.uasset" 871
"../../../Juldan_RPG/Content/InfinityBladeGrassLands/Environments/Plains/Env_Plains_Ruins/Materials/M_Plains_Pillars02.uasset" 872
"../../../Juldan_RPG/Content/InfinityBladeGrassLands/Environments/Plains/Env_Plains_Ruins/StaticMesh/SM_Plains_Wall_Railing_01.uasset" 873
"../../../Juldan_RPG/Content/InfinityBladeGrassLands/Environments/Plains/Env_Plains_Ruins/StaticMesh/SM_Plains_Wall_Straight_01.uasset" 874
"../../../Juldan_RPG/Content/Inventorysystem/Environment/Meshes/SM_Door.uasset" 875
"../../../Juldan_RPG/Content/LandscapeAutoMaterial/Meshes/Trees/Fir-Tree/FirTree_D.uasset" 876
"../../../Juldan_RPG/Content/LandscapeAutoMaterial/Meshes/Trees/Fir-Tree/Trunk_Inst.uasset" 877
"../../../Juldan_RPG/Content/LandscapeAutoMaterial/Meshes/Trees/Fir-Tree/Branch_Fir-Tree_M.uasset" 878
"../../../Juldan_RPG/Content/LandscapeAutoMaterial/Meshes/Trees/Pine-Tree/Pine_Branch_D.uasset" 879
"../../../Juldan_RPG/Content/LandscapeAutoMaterial/Meshes/Trees/Pine-Tree/PineBranch_N.uasset" 880
"../../../Juldan_RPG/Content/LandscapeAutoMaterial/Meshes/Trees/Pine-Tree/Branch_Fir-Tree_Inst2.uasset" 881
"../../../Juldan_RPG/Content/LandscapeAutoMaterial/Meshes/Trees/Pine-Tree/Pine-Tree-01.uasset" 882
"../../../Juldan_RPG/Content/LandscapeAutoMaterial/Meshes/Trees/Pine-Tree/Pine-Tree-02.uasset" 883
"../../../Juldan_RPG/Content/ThirdPersonBP/Maps/ThirdPersonExampleMap.umap" 884
